<?xml version="1.0" encoding="UTF-8" standalone="no"?>
<testsuite failures="14" name="cucumber.runtime.formatter.JUnitFormatter" skipped="0" tests="125" time="3433.905335">
    <testcase classname="Validate application login Page" name="To validate SalesIntel application Launching application" time="9.760404">
        <system-out><![CDATA[Given Launch the url........................................................passed
]]></system-out>
    </testcase>
    <testcase classname="Validate application login Page" name="To validate SalesIntel application Login Screen Content" time="0.714899">
        <system-out><![CDATA[Then Validate Login Page Title is displayed.................................passed
And Validate Email Field is displayed.......................................passed
And Validate Password Field is displayed....................................passed
And Validate Remember Me Checkbox is displayed..............................passed
And Validate Forgot Password Link is displayed..............................passed
And Validate FAQ Link is displayed..........................................passed
And Validate Login Button is displayed......................................passed
]]></system-out>
    </testcase>
    <testcase classname="Validate application login Page" name="To validate SalesIntel application Tapping only Login Button" time="10.234353">
        <system-out><![CDATA[When Click On Login Button..................................................passed
Then Validate Error Text when Tried with Invalid Username and Invalid Password.passed
And Validate Error Text when Tried with Invalid Password and Invalid Username.passed
]]></system-out>
    </testcase>
    <testcase classname="Validate application login Page" name="To validate SalesIntel application Login with Invalid Username and Valid Password" time="10.458431">
        <system-out><![CDATA[When Enter Invalid Username.................................................passed
And Enter Valid Password....................................................passed
And Click On Login Button...................................................passed
Then Validate Error Text when Tried with Invalid Username and Valid Password.passed
]]></system-out>
    </testcase>
    <testcase classname="Validate application login Page" name="To validate SalesIntel application Login with Valid Username and Invalid Password" time="10.635406">
        <system-out><![CDATA[When Clear the Text in Username Field.......................................passed
And Clear the Text in Password Field........................................passed
And Enter Valid Username....................................................passed
And Enter Invalid Password..................................................passed
And Click On Login Button...................................................passed
]]></system-out>
    </testcase>
    <testcase classname="Validate application login Page" name="To validate SalesIntel application Login with Invalid Username and Invalid Password" time="10.484373">
        <system-out><![CDATA[When Clear the Text in Username Field.......................................passed
And Clear the Text in Password Field........................................passed
And Enter Invalid Username..................................................passed
And Enter Invalid Password..................................................passed
And Click On Login Button...................................................passed
Then Validate Error Text when Tried with Invalid Username and Valid Password.passed
]]></system-out>
    </testcase>
    <testcase classname="Validate application login Page" name="To validate SalesIntel application Forget Password" time="16.627218">
        <system-out><![CDATA[When Click on Forget Password...............................................passed
Then Verify Forget Email Address Field is displayed.........................passed
When Enter Forget Email Address.............................................passed
Then Verify Reset Password Button is displayed..............................passed
When Click On Reset Password Button.........................................passed
]]></system-out>
    </testcase>
    <testcase classname="Validate application login Page" name="To validate SalesIntel application Remember Me" time="0.100536">
        <system-out><![CDATA[When Click on Remember Me...................................................passed
]]></system-out>
    </testcase>
    <testcase classname="Validate application login Page" name="To validate SalesIntel application Valid User Username and Valid Password" time="10.616876">
        <system-out><![CDATA[When Click on Remember Me...................................................passed
And Clear the Text in Username Field........................................passed
And Clear the Text in Password Field........................................passed
And Enter Valid Username....................................................passed
And Enter Valid Password....................................................passed
And Click On Login Button...................................................passed
]]></system-out>
    </testcase>
    <testcase classname="Validate application login Page" name="To validate application Logout" time="7.142131">
        <system-out><![CDATA[When Click On Setting Options...............................................passed
And Click On Logout Options.................................................passed
]]></system-out>
    </testcase>
    <testcase classname="Validate Search By Contact Name" name="To validate SalesIntel application Valid User Username and Valid Password" time="10.396529">
        <system-out><![CDATA[And Enter Valid Username....................................................passed
And Enter Valid Password....................................................passed
And Click On Login Button...................................................passed
]]></system-out>
    </testcase>
    <testcase classname="Validate Search By Contact Name" name="To validate application Search Page Content is displayed" time="58.281076">
        <system-out><![CDATA[Then Click on Contact Radio Button..........................................passed
When Click on Search Button.................................................passed
And Verify Contact Name is displayed........................................passed
And Click On Clear Button...................................................passed
And Click On Do Not Save Button.............................................passed
When Click on Contact Name Button...........................................passed
Then Verify First Name is displayed.........................................passed
And Verify Last Name is displayed...........................................passed
]]></system-out>
    </testcase>
    <testcase classname="Validate Search By Contact Name" name="To validate application Search without Firstname and LastName" time="10.862143">
        <system-out><![CDATA[When Click on Search Button.................................................passed
]]></system-out>
    </testcase>
    <testcase classname="Validate Search By Contact Name" name="To validate application Search by FirstName and LastName using Integer Value" time="32.496874">
        <system-out><![CDATA[When Click on Contact Name Button...........................................passed
And Enter the First Name with Integer Value.................................passed
And Enter the Last Name with Integer Value..................................passed
And Click on Search Button..................................................passed
Then Verify Error Message is displayed When search with FirstName and LastName only Integer.passed
]]></system-out>
    </testcase>
    <testcase classname="Validate Search By Contact Name" name="To validate application Search by Valid FirstName and LastName" time="31.86075">
        <system-out><![CDATA[When Clear the Text in First Name Field.....................................passed
And Clear the Text in Last Name Field.......................................passed
And Enter the First Name....................................................passed
And Enter the Last Name.....................................................passed
And Click on Search Button..................................................passed
And Validate Search Result..................................................passed
When Clear the Text in First Name Field.....................................passed
And Clear the Text in Last Name Field.......................................passed
]]></system-out>
    </testcase>
    <testcase classname="Validate Search By Contact Name" name="To validate application add multiple contact into New Contact List" time="41.041029">
        <system-out><![CDATA[And Click On Clear Button...................................................passed
And Click On Do Not Save Button.............................................passed
When Click on Contact Name Button...........................................passed
And Enter the First Name....................................................passed
And Click on Search Button..................................................passed
And Validate Search Result..................................................passed
And Select Multiple contact to Add Contact List.............................passed
And Append Contact details into the List....................................passed
And Click On Add all to List................................................passed
And Click On Create New Contact List........................................passed
When Enter New Contact List.................................................passed
And Click On Create New Contact List Save Button............................passed
]]></system-out>
    </testcase>
    <testcase classname="Validate Search By Contact Name" name="To validate application Contact into the Contact List" time="14.252849">
        <system-out><![CDATA[When Click On List Tab......................................................passed
Then Select Preview Button..................................................passed
]]></system-out>
    </testcase>
    <testcase classname="Validate Search By Contact Name" name="To validate application add multiple contact into Existing Contact List" time="46.650012">
        <system-out><![CDATA[When Click On SalesIntel Tab................................................passed
And Click On Clear Button...................................................passed
And Click On Do Not Save Button.............................................passed
When Click on Contact Name Button...........................................passed
And Enter the First Name to search..........................................passed
And Click on Search Button..................................................passed
And Validate Contact Search Result..........................................passed
And Select Multiple contact to Add Contact List.............................passed
And Append Contact details into the List....................................passed
And Click On Add all to List................................................passed
And Click On Add all Contact to Existing List...............................passed
And Click on Contact List Drop Down Option..................................passed
And Click On Add Contact List Save Button...................................passed
]]></system-out>
    </testcase>
    <testcase classname="Validate Search By Contact Name" name="To validate application Delete Contact List" time="18.006223">
        <system-out><![CDATA[And Click On List Tab.......................................................passed
And Delete Contact List.....................................................passed
And Click On Delete Contact List............................................passed
]]></system-out>
    </testcase>
    <testcase classname="Validate Search By Contact Name" name="To validate application Reveal Contact1 Search by Valid FirstName and LastName" time="27.457737">
        <system-out><![CDATA[Then Click On SalesIntel Tab................................................passed
And Clear the Text in First Name Field......................................passed
And Clear the Text in Last Name Field.......................................passed
And Enter the Search First Name1............................................passed
And Enter the Search Last Name1.............................................passed
And Click on Search Button..................................................passed
And Click On Contact Search1................................................passed
And Get the Total Reveal Count..............................................passed
]]></system-out>
    </testcase>
    <testcase classname="Validate Search By Contact Name" name="To validate application Reveal Contact2 Search by Valid FirstName and LastName" time="17.731692">
        <system-out><![CDATA[When Clear the Text in First Name Field.....................................passed
And Clear the Text in Last Name Field.......................................passed
And Enter the Search First Name2............................................passed
And Enter the Search Last Name2.............................................passed
And Click on Search Button..................................................passed
And Click On Contact Search2................................................passed
And Get the Total Reveal Count..............................................passed
]]></system-out>
    </testcase>
    <testcase classname="Validate Search By Contact Name" name="To validate application Reveal Contact3 Search by Valid FirstName and LastName" time="17.727077">
        <system-out><![CDATA[When Clear the Text in First Name Field.....................................passed
And Clear the Text in Last Name Field.......................................passed
And Enter the Search First Name3............................................passed
And Enter the Search Last Name3.............................................passed
And Click on Search Button..................................................passed
And Click On Contact Search3................................................passed
And Get the Total Reveal Count..............................................passed
]]></system-out>
    </testcase>
    <testcase classname="Validate Search By Contact Name" name="To validate application Reveal Contact4 Search by Valid FirstName and LastName" time="17.730157">
        <system-out><![CDATA[When Clear the Text in First Name Field.....................................passed
And Clear the Text in Last Name Field.......................................passed
And Enter the Search First Name4............................................passed
And Enter the Search Last Name4.............................................passed
And Click on Search Button..................................................passed
And Click On Contact Search4................................................passed
And Get the Total Reveal Count..............................................passed
]]></system-out>
    </testcase>
    <testcase classname="Validate Search By Contact Name" name="To validate application Reveal Contact5 Search by Valid FirstName and LastName" time="17.709549">
        <system-out><![CDATA[When Clear the Text in First Name Field.....................................passed
And Clear the Text in Last Name Field.......................................passed
And Enter the Search First Name5............................................passed
And Enter the Search Last Name5.............................................passed
And Click on Search Button..................................................passed
And Click On Contact Search5................................................passed
And Get the Total Reveal Count..............................................passed
]]></system-out>
    </testcase>
    <testcase classname="Validate Search By Contact Name" name="To validate application Logout" time="6.700781">
        <system-out><![CDATA[When Click On Setting Options...............................................passed
And Click On Logout Options.................................................passed
]]></system-out>
    </testcase>
    <testcase classname="Validate Search By Company" name="To validate SalesIntel application Valid User Username and Valid Password" time="10.539973">
        <system-out><![CDATA[And Enter Valid Username....................................................passed
And Enter Valid Password....................................................passed
And Click On Login Button...................................................passed
]]></system-out>
    </testcase>
    <testcase classname="Validate Search By Company" name="To validate application Search without Company Name" time="16.274667">
        <system-out><![CDATA[Then Click on Company Radio Button..........................................passed
When Click on Search Button.................................................passed
]]></system-out>
    </testcase>
    <testcase classname="Validate Search By Company" name="To validate application Search by Valid Company Name" time="55.995494">
        <system-out><![CDATA[And Click On Clear Button...................................................passed
And Click On Do Not Save Button.............................................passed
When Click On Company.......................................................passed
And Enter Valid Company Name................................................passed
And Click on Search Button..................................................passed
And Validate Company Search Result..........................................passed
]]></system-out>
    </testcase>
    <testcase classname="Validate Search By Company" name="To validate application add multiple Company into New Company List" time="68.43672">
        <system-out><![CDATA[And Click On Clear Button...................................................passed
And Click On Do Not Save Button.............................................passed
When Click On Company.......................................................passed
And Enter Valid Company Name................................................passed
And Click on Search Button..................................................passed
And Validate Company Search Result..........................................passed
And Select Multiple Company to Add Company List.............................passed
And Append Company details into the List....................................passed
And Click On Add all to List................................................passed
And Click On Create New Company List........................................passed
When Enter New Company List.................................................passed
And Click On Create New Company List Save Button............................passed
]]></system-out>
    </testcase>
    <testcase classname="Validate Search By Company" name="To validate application add multiple Company into Existing Company List" time="6.587387">
        <failure message="org.openqa.selenium.ElementClickInterceptedException: element click intercepted: Element &lt;a _ngcontent-cbf-c73=&quot;&quot; href=&quot;javascript:void(0);&quot; class=&quot;nav-link active&quot; id=&quot;&quot;&gt;...&lt;/a&gt; is not clickable at point (85, 105). Other element would receive the click: &lt;modal-container role=&quot;dialog&quot; tabindex=&quot;-1&quot; class=&quot;modal fade show&quot; style=&quot;display: block;&quot; aria-modal=&quot;true&quot;&gt;...&lt;/modal-container&gt;&#10;  (Session info: chrome=107.0.5304.123)&#10;Build info: version: '3.141.59', revision: 'e82be7d358', time: '2018-11-14T08:17:03'&#10;System info: host: 'DESKTOP-T5IACJ8', ip: '192.168.0.103', os.name: 'Windows 10', os.arch: 'amd64', os.version: '10.0', java.version: '18.0.1.1'&#10;Driver info: org.openqa.selenium.chrome.ChromeDriver&#10;Capabilities {acceptInsecureCerts: false, browserName: chrome, browserVersion: 107.0.5304.123, chrome: {chromedriverVersion: 107.0.5304.62 (1eec40d3a576..., userDataDir: C:\Users\Asus\AppData\Local...}, goog:chromeOptions: {debuggerAddress: localhost:59131}, javascriptEnabled: true, networkConnectionEnabled: false, pageLoadStrategy: normal, platform: WINDOWS, platformName: WINDOWS, proxy: Proxy(), setWindowRect: true, strictFileInteractability: false, timeouts: {implicit: 0, pageLoad: 300000, script: 30000}, unhandledPromptBehavior: dismiss and notify, webauthn:extension:credBlob: true, webauthn:extension:largeBlob: true, webauthn:virtualAuthenticators: true}&#10;Session ID: 30d5f5db3fa00e273d9aaff2a9919122&#13;&#10;&#9;at java.base/jdk.internal.reflect.DirectConstructorHandleAccessor.newInstance(DirectConstructorHandleAccessor.java:67)&#13;&#10;&#9;at java.base/java.lang.reflect.Constructor.newInstanceWithCaller(Constructor.java:499)&#13;&#10;&#9;at java.base/java.lang.reflect.Constructor.newInstance(Constructor.java:483)&#13;&#10;&#9;at org.openqa.selenium.remote.http.W3CHttpResponseCodec.createException(W3CHttpResponseCodec.java:187)&#13;&#10;&#9;at org.openqa.selenium.remote.http.W3CHttpResponseCodec.decode(W3CHttpResponseCodec.java:122)&#13;&#10;&#9;at org.openqa.selenium.remote.http.W3CHttpResponseCodec.decode(W3CHttpResponseCodec.java:49)&#13;&#10;&#9;at org.openqa.selenium.remote.HttpCommandExecutor.execute(HttpCommandExecutor.java:158)&#13;&#10;&#9;at org.openqa.selenium.remote.service.DriverCommandExecutor.execute(DriverCommandExecutor.java:83)&#13;&#10;&#9;at org.openqa.selenium.remote.RemoteWebDriver.execute(RemoteWebDriver.java:552)&#13;&#10;&#9;at org.openqa.selenium.remote.RemoteWebElement.execute(RemoteWebElement.java:285)&#13;&#10;&#9;at org.openqa.selenium.remote.RemoteWebElement.click(RemoteWebElement.java:84)&#13;&#10;&#9;at java.base/jdk.internal.reflect.DirectMethodHandleAccessor.invoke(DirectMethodHandleAccessor.java:104)&#13;&#10;&#9;at java.base/java.lang.reflect.Method.invoke(Method.java:577)&#13;&#10;&#9;at org.openqa.selenium.support.pagefactory.internal.LocatingElementHandler.invoke(LocatingElementHandler.java:51)&#13;&#10;&#9;at jdk.proxy2/jdk.proxy2.$Proxy25.click(Unknown Source)&#13;&#10;&#9;at org.base.Global.clickButton(Global.java:77)&#13;&#10;&#9;at org.stepdefinition.Steps.I_Click_SalesIntel_Tab(Steps.java:2498)&#13;&#10;&#9;at ✽.Click On SalesIntel Tab(file:TC_03_Search_By_Company.feature:53)&#13;&#10;"><![CDATA[Then Click On SalesIntel Tab................................................failed
And Click On Clear Button...................................................skipped
And Click On Do Not Save Button.............................................skipped
And Click On Company........................................................skipped
And Enter Valid Company Name................................................skipped
And Click on Search Button..................................................skipped
And Validate Company Search Result..........................................skipped
And Select Multiple Company to Add Company List.............................skipped
And Append Company details into the List....................................skipped
And Click On Add all to List................................................skipped
And Click On Add Existing Company List......................................skipped
And Click on Company List Drop Down Option..................................skipped
And Click On Add Company List Save Button...................................skipped

StackTrace:
org.openqa.selenium.ElementClickInterceptedException: element click intercepted: Element <a _ngcontent-cbf-c73="" href="javascript:void(0);" class="nav-link active" id="">...</a> is not clickable at point (85, 105). Other element would receive the click: <modal-container role="dialog" tabindex="-1" class="modal fade show" style="display: block;" aria-modal="true">...</modal-container>
  (Session info: chrome=107.0.5304.123)
Build info: version: '3.141.59', revision: 'e82be7d358', time: '2018-11-14T08:17:03'
System info: host: 'DESKTOP-T5IACJ8', ip: '192.168.0.103', os.name: 'Windows 10', os.arch: 'amd64', os.version: '10.0', java.version: '18.0.1.1'
Driver info: org.openqa.selenium.chrome.ChromeDriver
Capabilities {acceptInsecureCerts: false, browserName: chrome, browserVersion: 107.0.5304.123, chrome: {chromedriverVersion: 107.0.5304.62 (1eec40d3a576..., userDataDir: C:\Users\Asus\AppData\Local...}, goog:chromeOptions: {debuggerAddress: localhost:59131}, javascriptEnabled: true, networkConnectionEnabled: false, pageLoadStrategy: normal, platform: WINDOWS, platformName: WINDOWS, proxy: Proxy(), setWindowRect: true, strictFileInteractability: false, timeouts: {implicit: 0, pageLoad: 300000, script: 30000}, unhandledPromptBehavior: dismiss and notify, webauthn:extension:credBlob: true, webauthn:extension:largeBlob: true, webauthn:virtualAuthenticators: true}
Session ID: 30d5f5db3fa00e273d9aaff2a9919122
	at java.base/jdk.internal.reflect.DirectConstructorHandleAccessor.newInstance(DirectConstructorHandleAccessor.java:67)
	at java.base/java.lang.reflect.Constructor.newInstanceWithCaller(Constructor.java:499)
	at java.base/java.lang.reflect.Constructor.newInstance(Constructor.java:483)
	at org.openqa.selenium.remote.http.W3CHttpResponseCodec.createException(W3CHttpResponseCodec.java:187)
	at org.openqa.selenium.remote.http.W3CHttpResponseCodec.decode(W3CHttpResponseCodec.java:122)
	at org.openqa.selenium.remote.http.W3CHttpResponseCodec.decode(W3CHttpResponseCodec.java:49)
	at org.openqa.selenium.remote.HttpCommandExecutor.execute(HttpCommandExecutor.java:158)
	at org.openqa.selenium.remote.service.DriverCommandExecutor.execute(DriverCommandExecutor.java:83)
	at org.openqa.selenium.remote.RemoteWebDriver.execute(RemoteWebDriver.java:552)
	at org.openqa.selenium.remote.RemoteWebElement.execute(RemoteWebElement.java:285)
	at org.openqa.selenium.remote.RemoteWebElement.click(RemoteWebElement.java:84)
	at java.base/jdk.internal.reflect.DirectMethodHandleAccessor.invoke(DirectMethodHandleAccessor.java:104)
	at java.base/java.lang.reflect.Method.invoke(Method.java:577)
	at org.openqa.selenium.support.pagefactory.internal.LocatingElementHandler.invoke(LocatingElementHandler.java:51)
	at jdk.proxy2/jdk.proxy2.$Proxy25.click(Unknown Source)
	at org.base.Global.clickButton(Global.java:77)
	at org.stepdefinition.Steps.I_Click_SalesIntel_Tab(Steps.java:2498)
	at ✽.Click On SalesIntel Tab(file:TC_03_Search_By_Company.feature:53)
]]></failure>
    </testcase>
    <testcase classname="Validate Search By Company" name="To validate application Delete Company List" time="6.453109">
        <failure message="org.openqa.selenium.ElementClickInterceptedException: element click intercepted: Element &lt;span joyridestep=&quot;step1&quot; text=&quot;With Lists you can create lists of companies or contacts, have them analyzed and use them in your searches.&quot; class=&quot;p-2&quot;&gt;...&lt;/span&gt; is not clickable at point (613, 103). Other element would receive the click: &lt;div class=&quot;modal-header&quot;&gt;...&lt;/div&gt;&#10;  (Session info: chrome=107.0.5304.123)&#10;Build info: version: '3.141.59', revision: 'e82be7d358', time: '2018-11-14T08:17:03'&#10;System info: host: 'DESKTOP-T5IACJ8', ip: '192.168.0.103', os.name: 'Windows 10', os.arch: 'amd64', os.version: '10.0', java.version: '18.0.1.1'&#10;Driver info: org.openqa.selenium.chrome.ChromeDriver&#10;Capabilities {acceptInsecureCerts: false, browserName: chrome, browserVersion: 107.0.5304.123, chrome: {chromedriverVersion: 107.0.5304.62 (1eec40d3a576..., userDataDir: C:\Users\Asus\AppData\Local...}, goog:chromeOptions: {debuggerAddress: localhost:59131}, javascriptEnabled: true, networkConnectionEnabled: false, pageLoadStrategy: normal, platform: WINDOWS, platformName: WINDOWS, proxy: Proxy(), setWindowRect: true, strictFileInteractability: false, timeouts: {implicit: 0, pageLoad: 300000, script: 30000}, unhandledPromptBehavior: dismiss and notify, webauthn:extension:credBlob: true, webauthn:extension:largeBlob: true, webauthn:virtualAuthenticators: true}&#10;Session ID: 30d5f5db3fa00e273d9aaff2a9919122&#13;&#10;&#9;at java.base/jdk.internal.reflect.DirectConstructorHandleAccessor.newInstance(DirectConstructorHandleAccessor.java:67)&#13;&#10;&#9;at java.base/java.lang.reflect.Constructor.newInstanceWithCaller(Constructor.java:499)&#13;&#10;&#9;at java.base/java.lang.reflect.Constructor.newInstance(Constructor.java:483)&#13;&#10;&#9;at org.openqa.selenium.remote.http.W3CHttpResponseCodec.createException(W3CHttpResponseCodec.java:187)&#13;&#10;&#9;at org.openqa.selenium.remote.http.W3CHttpResponseCodec.decode(W3CHttpResponseCodec.java:122)&#13;&#10;&#9;at org.openqa.selenium.remote.http.W3CHttpResponseCodec.decode(W3CHttpResponseCodec.java:49)&#13;&#10;&#9;at org.openqa.selenium.remote.HttpCommandExecutor.execute(HttpCommandExecutor.java:158)&#13;&#10;&#9;at org.openqa.selenium.remote.service.DriverCommandExecutor.execute(DriverCommandExecutor.java:83)&#13;&#10;&#9;at org.openqa.selenium.remote.RemoteWebDriver.execute(RemoteWebDriver.java:552)&#13;&#10;&#9;at org.openqa.selenium.remote.RemoteWebElement.execute(RemoteWebElement.java:285)&#13;&#10;&#9;at org.openqa.selenium.remote.RemoteWebElement.click(RemoteWebElement.java:84)&#13;&#10;&#9;at java.base/jdk.internal.reflect.DirectMethodHandleAccessor.invoke(DirectMethodHandleAccessor.java:104)&#13;&#10;&#9;at java.base/java.lang.reflect.Method.invoke(Method.java:577)&#13;&#10;&#9;at org.openqa.selenium.support.pagefactory.internal.LocatingElementHandler.invoke(LocatingElementHandler.java:51)&#13;&#10;&#9;at jdk.proxy2/jdk.proxy2.$Proxy25.click(Unknown Source)&#13;&#10;&#9;at org.base.Global.clickButton(Global.java:77)&#13;&#10;&#9;at org.stepdefinition.Steps.I_Click_List_Tab(Steps.java:2491)&#13;&#10;&#9;at ✽.Click On List Tab(file:TC_03_Search_By_Company.feature:71)&#13;&#10;"><![CDATA[And Click On List Tab.......................................................failed
And Delete Company List.....................................................skipped
And Click On Delete Company List............................................skipped

StackTrace:
org.openqa.selenium.ElementClickInterceptedException: element click intercepted: Element <span joyridestep="step1" text="With Lists you can create lists of companies or contacts, have them analyzed and use them in your searches." class="p-2">...</span> is not clickable at point (613, 103). Other element would receive the click: <div class="modal-header">...</div>
  (Session info: chrome=107.0.5304.123)
Build info: version: '3.141.59', revision: 'e82be7d358', time: '2018-11-14T08:17:03'
System info: host: 'DESKTOP-T5IACJ8', ip: '192.168.0.103', os.name: 'Windows 10', os.arch: 'amd64', os.version: '10.0', java.version: '18.0.1.1'
Driver info: org.openqa.selenium.chrome.ChromeDriver
Capabilities {acceptInsecureCerts: false, browserName: chrome, browserVersion: 107.0.5304.123, chrome: {chromedriverVersion: 107.0.5304.62 (1eec40d3a576..., userDataDir: C:\Users\Asus\AppData\Local...}, goog:chromeOptions: {debuggerAddress: localhost:59131}, javascriptEnabled: true, networkConnectionEnabled: false, pageLoadStrategy: normal, platform: WINDOWS, platformName: WINDOWS, proxy: Proxy(), setWindowRect: true, strictFileInteractability: false, timeouts: {implicit: 0, pageLoad: 300000, script: 30000}, unhandledPromptBehavior: dismiss and notify, webauthn:extension:credBlob: true, webauthn:extension:largeBlob: true, webauthn:virtualAuthenticators: true}
Session ID: 30d5f5db3fa00e273d9aaff2a9919122
	at java.base/jdk.internal.reflect.DirectConstructorHandleAccessor.newInstance(DirectConstructorHandleAccessor.java:67)
	at java.base/java.lang.reflect.Constructor.newInstanceWithCaller(Constructor.java:499)
	at java.base/java.lang.reflect.Constructor.newInstance(Constructor.java:483)
	at org.openqa.selenium.remote.http.W3CHttpResponseCodec.createException(W3CHttpResponseCodec.java:187)
	at org.openqa.selenium.remote.http.W3CHttpResponseCodec.decode(W3CHttpResponseCodec.java:122)
	at org.openqa.selenium.remote.http.W3CHttpResponseCodec.decode(W3CHttpResponseCodec.java:49)
	at org.openqa.selenium.remote.HttpCommandExecutor.execute(HttpCommandExecutor.java:158)
	at org.openqa.selenium.remote.service.DriverCommandExecutor.execute(DriverCommandExecutor.java:83)
	at org.openqa.selenium.remote.RemoteWebDriver.execute(RemoteWebDriver.java:552)
	at org.openqa.selenium.remote.RemoteWebElement.execute(RemoteWebElement.java:285)
	at org.openqa.selenium.remote.RemoteWebElement.click(RemoteWebElement.java:84)
	at java.base/jdk.internal.reflect.DirectMethodHandleAccessor.invoke(DirectMethodHandleAccessor.java:104)
	at java.base/java.lang.reflect.Method.invoke(Method.java:577)
	at org.openqa.selenium.support.pagefactory.internal.LocatingElementHandler.invoke(LocatingElementHandler.java:51)
	at jdk.proxy2/jdk.proxy2.$Proxy25.click(Unknown Source)
	at org.base.Global.clickButton(Global.java:77)
	at org.stepdefinition.Steps.I_Click_List_Tab(Steps.java:2491)
	at ✽.Click On List Tab(file:TC_03_Search_By_Company.feature:71)
]]></failure>
    </testcase>
    <testcase classname="Validate Search By Company" name="To validate application Logout" time="4.489201">
        <failure message="org.openqa.selenium.ElementClickInterceptedException: element click intercepted: Element &lt;span _ngcontent-cbf-c161=&quot;&quot; dropdowntoggle=&quot;&quot; class=&quot;welcome-anchor-color text-decoration-none&quot; aria-haspopup=&quot;true&quot;&gt;...&lt;/span&gt; is not clickable at point (1426, 37). Other element would receive the click: &lt;modal-container role=&quot;dialog&quot; tabindex=&quot;-1&quot; class=&quot;modal fade show&quot; style=&quot;display: block;&quot; aria-modal=&quot;true&quot;&gt;...&lt;/modal-container&gt;&#10;  (Session info: chrome=107.0.5304.123)&#10;Build info: version: '3.141.59', revision: 'e82be7d358', time: '2018-11-14T08:17:03'&#10;System info: host: 'DESKTOP-T5IACJ8', ip: '192.168.0.103', os.name: 'Windows 10', os.arch: 'amd64', os.version: '10.0', java.version: '18.0.1.1'&#10;Driver info: org.openqa.selenium.chrome.ChromeDriver&#10;Capabilities {acceptInsecureCerts: false, browserName: chrome, browserVersion: 107.0.5304.123, chrome: {chromedriverVersion: 107.0.5304.62 (1eec40d3a576..., userDataDir: C:\Users\Asus\AppData\Local...}, goog:chromeOptions: {debuggerAddress: localhost:59131}, javascriptEnabled: true, networkConnectionEnabled: false, pageLoadStrategy: normal, platform: WINDOWS, platformName: WINDOWS, proxy: Proxy(), setWindowRect: true, strictFileInteractability: false, timeouts: {implicit: 0, pageLoad: 300000, script: 30000}, unhandledPromptBehavior: dismiss and notify, webauthn:extension:credBlob: true, webauthn:extension:largeBlob: true, webauthn:virtualAuthenticators: true}&#10;Session ID: 30d5f5db3fa00e273d9aaff2a9919122&#13;&#10;&#9;at java.base/jdk.internal.reflect.DirectConstructorHandleAccessor.newInstance(DirectConstructorHandleAccessor.java:67)&#13;&#10;&#9;at java.base/java.lang.reflect.Constructor.newInstanceWithCaller(Constructor.java:499)&#13;&#10;&#9;at java.base/java.lang.reflect.Constructor.newInstance(Constructor.java:483)&#13;&#10;&#9;at org.openqa.selenium.remote.http.W3CHttpResponseCodec.createException(W3CHttpResponseCodec.java:187)&#13;&#10;&#9;at org.openqa.selenium.remote.http.W3CHttpResponseCodec.decode(W3CHttpResponseCodec.java:122)&#13;&#10;&#9;at org.openqa.selenium.remote.http.W3CHttpResponseCodec.decode(W3CHttpResponseCodec.java:49)&#13;&#10;&#9;at org.openqa.selenium.remote.HttpCommandExecutor.execute(HttpCommandExecutor.java:158)&#13;&#10;&#9;at org.openqa.selenium.remote.service.DriverCommandExecutor.execute(DriverCommandExecutor.java:83)&#13;&#10;&#9;at org.openqa.selenium.remote.RemoteWebDriver.execute(RemoteWebDriver.java:552)&#13;&#10;&#9;at org.openqa.selenium.remote.RemoteWebElement.execute(RemoteWebElement.java:285)&#13;&#10;&#9;at org.openqa.selenium.remote.RemoteWebElement.click(RemoteWebElement.java:84)&#13;&#10;&#9;at java.base/jdk.internal.reflect.DirectMethodHandleAccessor.invoke(DirectMethodHandleAccessor.java:104)&#13;&#10;&#9;at java.base/java.lang.reflect.Method.invoke(Method.java:577)&#13;&#10;&#9;at org.openqa.selenium.support.pagefactory.internal.LocatingElementHandler.invoke(LocatingElementHandler.java:51)&#13;&#10;&#9;at jdk.proxy2/jdk.proxy2.$Proxy25.click(Unknown Source)&#13;&#10;&#9;at org.base.Global.clickButton(Global.java:77)&#13;&#10;&#9;at org.stepdefinition.Steps.I_click_welcome_Logout(Steps.java:2607)&#13;&#10;&#9;at ✽.Click On Setting Options(file:TC_03_Search_By_Company.feature:77)&#13;&#10;"><![CDATA[When Click On Setting Options...............................................failed
And Click On Logout Options.................................................skipped

StackTrace:
org.openqa.selenium.ElementClickInterceptedException: element click intercepted: Element <span _ngcontent-cbf-c161="" dropdowntoggle="" class="welcome-anchor-color text-decoration-none" aria-haspopup="true">...</span> is not clickable at point (1426, 37). Other element would receive the click: <modal-container role="dialog" tabindex="-1" class="modal fade show" style="display: block;" aria-modal="true">...</modal-container>
  (Session info: chrome=107.0.5304.123)
Build info: version: '3.141.59', revision: 'e82be7d358', time: '2018-11-14T08:17:03'
System info: host: 'DESKTOP-T5IACJ8', ip: '192.168.0.103', os.name: 'Windows 10', os.arch: 'amd64', os.version: '10.0', java.version: '18.0.1.1'
Driver info: org.openqa.selenium.chrome.ChromeDriver
Capabilities {acceptInsecureCerts: false, browserName: chrome, browserVersion: 107.0.5304.123, chrome: {chromedriverVersion: 107.0.5304.62 (1eec40d3a576..., userDataDir: C:\Users\Asus\AppData\Local...}, goog:chromeOptions: {debuggerAddress: localhost:59131}, javascriptEnabled: true, networkConnectionEnabled: false, pageLoadStrategy: normal, platform: WINDOWS, platformName: WINDOWS, proxy: Proxy(), setWindowRect: true, strictFileInteractability: false, timeouts: {implicit: 0, pageLoad: 300000, script: 30000}, unhandledPromptBehavior: dismiss and notify, webauthn:extension:credBlob: true, webauthn:extension:largeBlob: true, webauthn:virtualAuthenticators: true}
Session ID: 30d5f5db3fa00e273d9aaff2a9919122
	at java.base/jdk.internal.reflect.DirectConstructorHandleAccessor.newInstance(DirectConstructorHandleAccessor.java:67)
	at java.base/java.lang.reflect.Constructor.newInstanceWithCaller(Constructor.java:499)
	at java.base/java.lang.reflect.Constructor.newInstance(Constructor.java:483)
	at org.openqa.selenium.remote.http.W3CHttpResponseCodec.createException(W3CHttpResponseCodec.java:187)
	at org.openqa.selenium.remote.http.W3CHttpResponseCodec.decode(W3CHttpResponseCodec.java:122)
	at org.openqa.selenium.remote.http.W3CHttpResponseCodec.decode(W3CHttpResponseCodec.java:49)
	at org.openqa.selenium.remote.HttpCommandExecutor.execute(HttpCommandExecutor.java:158)
	at org.openqa.selenium.remote.service.DriverCommandExecutor.execute(DriverCommandExecutor.java:83)
	at org.openqa.selenium.remote.RemoteWebDriver.execute(RemoteWebDriver.java:552)
	at org.openqa.selenium.remote.RemoteWebElement.execute(RemoteWebElement.java:285)
	at org.openqa.selenium.remote.RemoteWebElement.click(RemoteWebElement.java:84)
	at java.base/jdk.internal.reflect.DirectMethodHandleAccessor.invoke(DirectMethodHandleAccessor.java:104)
	at java.base/java.lang.reflect.Method.invoke(Method.java:577)
	at org.openqa.selenium.support.pagefactory.internal.LocatingElementHandler.invoke(LocatingElementHandler.java:51)
	at jdk.proxy2/jdk.proxy2.$Proxy25.click(Unknown Source)
	at org.base.Global.clickButton(Global.java:77)
	at org.stepdefinition.Steps.I_click_welcome_Logout(Steps.java:2607)
	at ✽.Click On Setting Options(file:TC_03_Search_By_Company.feature:77)
]]></failure>
    </testcase>
    <testcase classname="Validate Contact by Sort Option" name="To validate SalesIntel application Valid User Username and Valid Password" time="21.748873">
        <failure message="org.openqa.selenium.NoSuchElementException: no such element: Unable to locate element: {&quot;method&quot;:&quot;xpath&quot;,&quot;selector&quot;:&quot;//input[@type='password']&quot;}&#10;  (Session info: chrome=107.0.5304.123)&#10;For documentation on this error, please visit: https://www.seleniumhq.org/exceptions/no_such_element.html&#10;Build info: version: '3.141.59', revision: 'e82be7d358', time: '2018-11-14T08:17:03'&#10;System info: host: 'DESKTOP-T5IACJ8', ip: '192.168.0.103', os.name: 'Windows 10', os.arch: 'amd64', os.version: '10.0', java.version: '18.0.1.1'&#10;Driver info: org.openqa.selenium.chrome.ChromeDriver&#10;Capabilities {acceptInsecureCerts: false, browserName: chrome, browserVersion: 107.0.5304.123, chrome: {chromedriverVersion: 107.0.5304.62 (1eec40d3a576..., userDataDir: C:\Users\Asus\AppData\Local...}, goog:chromeOptions: {debuggerAddress: localhost:59131}, javascriptEnabled: true, networkConnectionEnabled: false, pageLoadStrategy: normal, platform: WINDOWS, platformName: WINDOWS, proxy: Proxy(), setWindowRect: true, strictFileInteractability: false, timeouts: {implicit: 0, pageLoad: 300000, script: 30000}, unhandledPromptBehavior: dismiss and notify, webauthn:extension:credBlob: true, webauthn:extension:largeBlob: true, webauthn:virtualAuthenticators: true}&#10;Session ID: 30d5f5db3fa00e273d9aaff2a9919122&#10;*** Element info: {Using=xpath, value=//input[@type='password']}&#13;&#10;&#9;at java.base/jdk.internal.reflect.DirectConstructorHandleAccessor.newInstance(DirectConstructorHandleAccessor.java:67)&#13;&#10;&#9;at java.base/java.lang.reflect.Constructor.newInstanceWithCaller(Constructor.java:499)&#13;&#10;&#9;at java.base/java.lang.reflect.Constructor.newInstance(Constructor.java:483)&#13;&#10;&#9;at org.openqa.selenium.remote.http.W3CHttpResponseCodec.createException(W3CHttpResponseCodec.java:187)&#13;&#10;&#9;at org.openqa.selenium.remote.http.W3CHttpResponseCodec.decode(W3CHttpResponseCodec.java:122)&#13;&#10;&#9;at org.openqa.selenium.remote.http.W3CHttpResponseCodec.decode(W3CHttpResponseCodec.java:49)&#13;&#10;&#9;at org.openqa.selenium.remote.HttpCommandExecutor.execute(HttpCommandExecutor.java:158)&#13;&#10;&#9;at org.openqa.selenium.remote.service.DriverCommandExecutor.execute(DriverCommandExecutor.java:83)&#13;&#10;&#9;at org.openqa.selenium.remote.RemoteWebDriver.execute(RemoteWebDriver.java:552)&#13;&#10;&#9;at org.openqa.selenium.remote.RemoteWebDriver.findElement(RemoteWebDriver.java:323)&#13;&#10;&#9;at org.openqa.selenium.remote.RemoteWebDriver.findElementByXPath(RemoteWebDriver.java:428)&#13;&#10;&#9;at org.openqa.selenium.By$ByXPath.findElement(By.java:353)&#13;&#10;&#9;at org.openqa.selenium.remote.RemoteWebDriver.findElement(RemoteWebDriver.java:315)&#13;&#10;&#9;at org.openqa.selenium.support.pagefactory.DefaultElementLocator.findElement(DefaultElementLocator.java:69)&#13;&#10;&#9;at org.openqa.selenium.support.pagefactory.internal.LocatingElementHandler.invoke(LocatingElementHandler.java:38)&#13;&#10;&#9;at jdk.proxy2/jdk.proxy2.$Proxy25.sendKeys(Unknown Source)&#13;&#10;&#9;at org.base.Global.enterData(Global.java:73)&#13;&#10;&#9;at org.stepdefinition.Steps.i_enter_the_password(Steps.java:87)&#13;&#10;&#9;at ✽.Enter Valid Password(file:TC_04_Contact_Sort_List.feature:6)&#13;&#10;"><![CDATA[And Enter Valid Username....................................................passed
And Enter Valid Password....................................................failed
And Click On Login Button...................................................skipped

StackTrace:
org.openqa.selenium.NoSuchElementException: no such element: Unable to locate element: {"method":"xpath","selector":"//input[@type='password']"}
  (Session info: chrome=107.0.5304.123)
For documentation on this error, please visit: https://www.seleniumhq.org/exceptions/no_such_element.html
Build info: version: '3.141.59', revision: 'e82be7d358', time: '2018-11-14T08:17:03'
System info: host: 'DESKTOP-T5IACJ8', ip: '192.168.0.103', os.name: 'Windows 10', os.arch: 'amd64', os.version: '10.0', java.version: '18.0.1.1'
Driver info: org.openqa.selenium.chrome.ChromeDriver
Capabilities {acceptInsecureCerts: false, browserName: chrome, browserVersion: 107.0.5304.123, chrome: {chromedriverVersion: 107.0.5304.62 (1eec40d3a576..., userDataDir: C:\Users\Asus\AppData\Local...}, goog:chromeOptions: {debuggerAddress: localhost:59131}, javascriptEnabled: true, networkConnectionEnabled: false, pageLoadStrategy: normal, platform: WINDOWS, platformName: WINDOWS, proxy: Proxy(), setWindowRect: true, strictFileInteractability: false, timeouts: {implicit: 0, pageLoad: 300000, script: 30000}, unhandledPromptBehavior: dismiss and notify, webauthn:extension:credBlob: true, webauthn:extension:largeBlob: true, webauthn:virtualAuthenticators: true}
Session ID: 30d5f5db3fa00e273d9aaff2a9919122
*** Element info: {Using=xpath, value=//input[@type='password']}
	at java.base/jdk.internal.reflect.DirectConstructorHandleAccessor.newInstance(DirectConstructorHandleAccessor.java:67)
	at java.base/java.lang.reflect.Constructor.newInstanceWithCaller(Constructor.java:499)
	at java.base/java.lang.reflect.Constructor.newInstance(Constructor.java:483)
	at org.openqa.selenium.remote.http.W3CHttpResponseCodec.createException(W3CHttpResponseCodec.java:187)
	at org.openqa.selenium.remote.http.W3CHttpResponseCodec.decode(W3CHttpResponseCodec.java:122)
	at org.openqa.selenium.remote.http.W3CHttpResponseCodec.decode(W3CHttpResponseCodec.java:49)
	at org.openqa.selenium.remote.HttpCommandExecutor.execute(HttpCommandExecutor.java:158)
	at org.openqa.selenium.remote.service.DriverCommandExecutor.execute(DriverCommandExecutor.java:83)
	at org.openqa.selenium.remote.RemoteWebDriver.execute(RemoteWebDriver.java:552)
	at org.openqa.selenium.remote.RemoteWebDriver.findElement(RemoteWebDriver.java:323)
	at org.openqa.selenium.remote.RemoteWebDriver.findElementByXPath(RemoteWebDriver.java:428)
	at org.openqa.selenium.By$ByXPath.findElement(By.java:353)
	at org.openqa.selenium.remote.RemoteWebDriver.findElement(RemoteWebDriver.java:315)
	at org.openqa.selenium.support.pagefactory.DefaultElementLocator.findElement(DefaultElementLocator.java:69)
	at org.openqa.selenium.support.pagefactory.internal.LocatingElementHandler.invoke(LocatingElementHandler.java:38)
	at jdk.proxy2/jdk.proxy2.$Proxy25.sendKeys(Unknown Source)
	at org.base.Global.enterData(Global.java:73)
	at org.stepdefinition.Steps.i_enter_the_password(Steps.java:87)
	at ✽.Enter Valid Password(file:TC_04_Contact_Sort_List.feature:6)
]]></failure>
    </testcase>
    <testcase classname="Validate Contact by Sort Option" name="To validate application to Sort the Contact Details by Name" time="16.463626">
        <failure message="org.openqa.selenium.ElementClickInterceptedException: element click intercepted: Element &lt;input type=&quot;radio&quot; class=&quot;form-check-input form-check-color-primary ng-valid ng-dirty ng-touched&quot;&gt; is not clickable at point (234, 657). Other element would receive the click: &lt;modal-container role=&quot;dialog&quot; tabindex=&quot;-1&quot; class=&quot;modal fade show&quot; style=&quot;display: block;&quot; aria-modal=&quot;true&quot;&gt;...&lt;/modal-container&gt;&#10;  (Session info: chrome=107.0.5304.123)&#10;Build info: version: '3.141.59', revision: 'e82be7d358', time: '2018-11-14T08:17:03'&#10;System info: host: 'DESKTOP-T5IACJ8', ip: '192.168.0.103', os.name: 'Windows 10', os.arch: 'amd64', os.version: '10.0', java.version: '18.0.1.1'&#10;Driver info: org.openqa.selenium.chrome.ChromeDriver&#10;Capabilities {acceptInsecureCerts: false, browserName: chrome, browserVersion: 107.0.5304.123, chrome: {chromedriverVersion: 107.0.5304.62 (1eec40d3a576..., userDataDir: C:\Users\Asus\AppData\Local...}, goog:chromeOptions: {debuggerAddress: localhost:59131}, javascriptEnabled: true, networkConnectionEnabled: false, pageLoadStrategy: normal, platform: WINDOWS, platformName: WINDOWS, proxy: Proxy(), setWindowRect: true, strictFileInteractability: false, timeouts: {implicit: 0, pageLoad: 300000, script: 30000}, unhandledPromptBehavior: dismiss and notify, webauthn:extension:credBlob: true, webauthn:extension:largeBlob: true, webauthn:virtualAuthenticators: true}&#10;Session ID: 30d5f5db3fa00e273d9aaff2a9919122&#13;&#10;&#9;at java.base/jdk.internal.reflect.DirectConstructorHandleAccessor.newInstance(DirectConstructorHandleAccessor.java:67)&#13;&#10;&#9;at java.base/java.lang.reflect.Constructor.newInstanceWithCaller(Constructor.java:499)&#13;&#10;&#9;at java.base/java.lang.reflect.Constructor.newInstance(Constructor.java:483)&#13;&#10;&#9;at org.openqa.selenium.remote.http.W3CHttpResponseCodec.createException(W3CHttpResponseCodec.java:187)&#13;&#10;&#9;at org.openqa.selenium.remote.http.W3CHttpResponseCodec.decode(W3CHttpResponseCodec.java:122)&#13;&#10;&#9;at org.openqa.selenium.remote.http.W3CHttpResponseCodec.decode(W3CHttpResponseCodec.java:49)&#13;&#10;&#9;at org.openqa.selenium.remote.HttpCommandExecutor.execute(HttpCommandExecutor.java:158)&#13;&#10;&#9;at org.openqa.selenium.remote.service.DriverCommandExecutor.execute(DriverCommandExecutor.java:83)&#13;&#10;&#9;at org.openqa.selenium.remote.RemoteWebDriver.execute(RemoteWebDriver.java:552)&#13;&#10;&#9;at org.openqa.selenium.remote.RemoteWebElement.execute(RemoteWebElement.java:285)&#13;&#10;&#9;at org.openqa.selenium.remote.RemoteWebElement.click(RemoteWebElement.java:84)&#13;&#10;&#9;at java.base/jdk.internal.reflect.DirectMethodHandleAccessor.invoke(DirectMethodHandleAccessor.java:104)&#13;&#10;&#9;at java.base/java.lang.reflect.Method.invoke(Method.java:577)&#13;&#10;&#9;at org.openqa.selenium.support.pagefactory.internal.LocatingElementHandler.invoke(LocatingElementHandler.java:51)&#13;&#10;&#9;at jdk.proxy2/jdk.proxy2.$Proxy25.click(Unknown Source)&#13;&#10;&#9;at org.base.Global.clickButton(Global.java:77)&#13;&#10;&#9;at org.stepdefinition.Steps.I_Click_Contact_Radio_Button(Steps.java:109)&#13;&#10;&#9;at ✽.Click on Contact Radio Button(file:TC_04_Contact_Sort_List.feature:13)&#13;&#10;"><![CDATA[Then Click on Contact Radio Button..........................................failed
When Click on Search Button.................................................skipped
And Click On Sort Icon For Display Contact based on Contact Name............skipped
And Click On Sort Icon For Display Contact based on Contact Name............skipped

StackTrace:
org.openqa.selenium.ElementClickInterceptedException: element click intercepted: Element <input type="radio" class="form-check-input form-check-color-primary ng-valid ng-dirty ng-touched"> is not clickable at point (234, 657). Other element would receive the click: <modal-container role="dialog" tabindex="-1" class="modal fade show" style="display: block;" aria-modal="true">...</modal-container>
  (Session info: chrome=107.0.5304.123)
Build info: version: '3.141.59', revision: 'e82be7d358', time: '2018-11-14T08:17:03'
System info: host: 'DESKTOP-T5IACJ8', ip: '192.168.0.103', os.name: 'Windows 10', os.arch: 'amd64', os.version: '10.0', java.version: '18.0.1.1'
Driver info: org.openqa.selenium.chrome.ChromeDriver
Capabilities {acceptInsecureCerts: false, browserName: chrome, browserVersion: 107.0.5304.123, chrome: {chromedriverVersion: 107.0.5304.62 (1eec40d3a576..., userDataDir: C:\Users\Asus\AppData\Local...}, goog:chromeOptions: {debuggerAddress: localhost:59131}, javascriptEnabled: true, networkConnectionEnabled: false, pageLoadStrategy: normal, platform: WINDOWS, platformName: WINDOWS, proxy: Proxy(), setWindowRect: true, strictFileInteractability: false, timeouts: {implicit: 0, pageLoad: 300000, script: 30000}, unhandledPromptBehavior: dismiss and notify, webauthn:extension:credBlob: true, webauthn:extension:largeBlob: true, webauthn:virtualAuthenticators: true}
Session ID: 30d5f5db3fa00e273d9aaff2a9919122
	at java.base/jdk.internal.reflect.DirectConstructorHandleAccessor.newInstance(DirectConstructorHandleAccessor.java:67)
	at java.base/java.lang.reflect.Constructor.newInstanceWithCaller(Constructor.java:499)
	at java.base/java.lang.reflect.Constructor.newInstance(Constructor.java:483)
	at org.openqa.selenium.remote.http.W3CHttpResponseCodec.createException(W3CHttpResponseCodec.java:187)
	at org.openqa.selenium.remote.http.W3CHttpResponseCodec.decode(W3CHttpResponseCodec.java:122)
	at org.openqa.selenium.remote.http.W3CHttpResponseCodec.decode(W3CHttpResponseCodec.java:49)
	at org.openqa.selenium.remote.HttpCommandExecutor.execute(HttpCommandExecutor.java:158)
	at org.openqa.selenium.remote.service.DriverCommandExecutor.execute(DriverCommandExecutor.java:83)
	at org.openqa.selenium.remote.RemoteWebDriver.execute(RemoteWebDriver.java:552)
	at org.openqa.selenium.remote.RemoteWebElement.execute(RemoteWebElement.java:285)
	at org.openqa.selenium.remote.RemoteWebElement.click(RemoteWebElement.java:84)
	at java.base/jdk.internal.reflect.DirectMethodHandleAccessor.invoke(DirectMethodHandleAccessor.java:104)
	at java.base/java.lang.reflect.Method.invoke(Method.java:577)
	at org.openqa.selenium.support.pagefactory.internal.LocatingElementHandler.invoke(LocatingElementHandler.java:51)
	at jdk.proxy2/jdk.proxy2.$Proxy25.click(Unknown Source)
	at org.base.Global.clickButton(Global.java:77)
	at org.stepdefinition.Steps.I_Click_Contact_Radio_Button(Steps.java:109)
	at ✽.Click on Contact Radio Button(file:TC_04_Contact_Sort_List.feature:13)
]]></failure>
    </testcase>
    <testcase classname="Validate Contact by Sort Option" name="To validate application to Sort the Contact Details by Job" time="3.443257">
        <failure message="org.openqa.selenium.ElementClickInterceptedException: element click intercepted: Element &lt;button type=&quot;button&quot; class=&quot;btn btn-outline-danger btn-clear px-3&quot;&gt;...&lt;/button&gt; is not clickable at point (70, 692). Other element would receive the click: &lt;modal-container role=&quot;dialog&quot; tabindex=&quot;-1&quot; class=&quot;modal fade show&quot; style=&quot;display: block;&quot; aria-modal=&quot;true&quot;&gt;...&lt;/modal-container&gt;&#10;  (Session info: chrome=107.0.5304.123)&#10;Build info: version: '3.141.59', revision: 'e82be7d358', time: '2018-11-14T08:17:03'&#10;System info: host: 'DESKTOP-T5IACJ8', ip: '192.168.0.103', os.name: 'Windows 10', os.arch: 'amd64', os.version: '10.0', java.version: '18.0.1.1'&#10;Driver info: org.openqa.selenium.chrome.ChromeDriver&#10;Capabilities {acceptInsecureCerts: false, browserName: chrome, browserVersion: 107.0.5304.123, chrome: {chromedriverVersion: 107.0.5304.62 (1eec40d3a576..., userDataDir: C:\Users\Asus\AppData\Local...}, goog:chromeOptions: {debuggerAddress: localhost:59131}, javascriptEnabled: true, networkConnectionEnabled: false, pageLoadStrategy: normal, platform: WINDOWS, platformName: WINDOWS, proxy: Proxy(), setWindowRect: true, strictFileInteractability: false, timeouts: {implicit: 0, pageLoad: 300000, script: 30000}, unhandledPromptBehavior: dismiss and notify, webauthn:extension:credBlob: true, webauthn:extension:largeBlob: true, webauthn:virtualAuthenticators: true}&#10;Session ID: 30d5f5db3fa00e273d9aaff2a9919122&#13;&#10;&#9;at java.base/jdk.internal.reflect.DirectConstructorHandleAccessor.newInstance(DirectConstructorHandleAccessor.java:67)&#13;&#10;&#9;at java.base/java.lang.reflect.Constructor.newInstanceWithCaller(Constructor.java:499)&#13;&#10;&#9;at java.base/java.lang.reflect.Constructor.newInstance(Constructor.java:483)&#13;&#10;&#9;at org.openqa.selenium.remote.http.W3CHttpResponseCodec.createException(W3CHttpResponseCodec.java:187)&#13;&#10;&#9;at org.openqa.selenium.remote.http.W3CHttpResponseCodec.decode(W3CHttpResponseCodec.java:122)&#13;&#10;&#9;at org.openqa.selenium.remote.http.W3CHttpResponseCodec.decode(W3CHttpResponseCodec.java:49)&#13;&#10;&#9;at org.openqa.selenium.remote.HttpCommandExecutor.execute(HttpCommandExecutor.java:158)&#13;&#10;&#9;at org.openqa.selenium.remote.service.DriverCommandExecutor.execute(DriverCommandExecutor.java:83)&#13;&#10;&#9;at org.openqa.selenium.remote.RemoteWebDriver.execute(RemoteWebDriver.java:552)&#13;&#10;&#9;at org.openqa.selenium.remote.RemoteWebElement.execute(RemoteWebElement.java:285)&#13;&#10;&#9;at org.openqa.selenium.remote.RemoteWebElement.click(RemoteWebElement.java:84)&#13;&#10;&#9;at java.base/jdk.internal.reflect.DirectMethodHandleAccessor.invoke(DirectMethodHandleAccessor.java:104)&#13;&#10;&#9;at java.base/java.lang.reflect.Method.invoke(Method.java:577)&#13;&#10;&#9;at org.openqa.selenium.support.pagefactory.internal.LocatingElementHandler.invoke(LocatingElementHandler.java:51)&#13;&#10;&#9;at jdk.proxy2/jdk.proxy2.$Proxy25.click(Unknown Source)&#13;&#10;&#9;at org.base.Global.clickButton(Global.java:77)&#13;&#10;&#9;at org.stepdefinition.Steps.I_Click_clear_Button(Steps.java:2424)&#13;&#10;&#9;at ✽.Click On Clear Button(file:TC_04_Contact_Sort_List.feature:20)&#13;&#10;"><![CDATA[And Click On Clear Button...................................................failed
And Click On Do Not Save Button.............................................skipped
And Click on Search Button..................................................skipped
And Click On Sort Icon For Display Contact based on Job Title...............skipped
And Click On Sort Icon For Display Contact based on Job Title...............skipped

StackTrace:
org.openqa.selenium.ElementClickInterceptedException: element click intercepted: Element <button type="button" class="btn btn-outline-danger btn-clear px-3">...</button> is not clickable at point (70, 692). Other element would receive the click: <modal-container role="dialog" tabindex="-1" class="modal fade show" style="display: block;" aria-modal="true">...</modal-container>
  (Session info: chrome=107.0.5304.123)
Build info: version: '3.141.59', revision: 'e82be7d358', time: '2018-11-14T08:17:03'
System info: host: 'DESKTOP-T5IACJ8', ip: '192.168.0.103', os.name: 'Windows 10', os.arch: 'amd64', os.version: '10.0', java.version: '18.0.1.1'
Driver info: org.openqa.selenium.chrome.ChromeDriver
Capabilities {acceptInsecureCerts: false, browserName: chrome, browserVersion: 107.0.5304.123, chrome: {chromedriverVersion: 107.0.5304.62 (1eec40d3a576..., userDataDir: C:\Users\Asus\AppData\Local...}, goog:chromeOptions: {debuggerAddress: localhost:59131}, javascriptEnabled: true, networkConnectionEnabled: false, pageLoadStrategy: normal, platform: WINDOWS, platformName: WINDOWS, proxy: Proxy(), setWindowRect: true, strictFileInteractability: false, timeouts: {implicit: 0, pageLoad: 300000, script: 30000}, unhandledPromptBehavior: dismiss and notify, webauthn:extension:credBlob: true, webauthn:extension:largeBlob: true, webauthn:virtualAuthenticators: true}
Session ID: 30d5f5db3fa00e273d9aaff2a9919122
	at java.base/jdk.internal.reflect.DirectConstructorHandleAccessor.newInstance(DirectConstructorHandleAccessor.java:67)
	at java.base/java.lang.reflect.Constructor.newInstanceWithCaller(Constructor.java:499)
	at java.base/java.lang.reflect.Constructor.newInstance(Constructor.java:483)
	at org.openqa.selenium.remote.http.W3CHttpResponseCodec.createException(W3CHttpResponseCodec.java:187)
	at org.openqa.selenium.remote.http.W3CHttpResponseCodec.decode(W3CHttpResponseCodec.java:122)
	at org.openqa.selenium.remote.http.W3CHttpResponseCodec.decode(W3CHttpResponseCodec.java:49)
	at org.openqa.selenium.remote.HttpCommandExecutor.execute(HttpCommandExecutor.java:158)
	at org.openqa.selenium.remote.service.DriverCommandExecutor.execute(DriverCommandExecutor.java:83)
	at org.openqa.selenium.remote.RemoteWebDriver.execute(RemoteWebDriver.java:552)
	at org.openqa.selenium.remote.RemoteWebElement.execute(RemoteWebElement.java:285)
	at org.openqa.selenium.remote.RemoteWebElement.click(RemoteWebElement.java:84)
	at java.base/jdk.internal.reflect.DirectMethodHandleAccessor.invoke(DirectMethodHandleAccessor.java:104)
	at java.base/java.lang.reflect.Method.invoke(Method.java:577)
	at org.openqa.selenium.support.pagefactory.internal.LocatingElementHandler.invoke(LocatingElementHandler.java:51)
	at jdk.proxy2/jdk.proxy2.$Proxy25.click(Unknown Source)
	at org.base.Global.clickButton(Global.java:77)
	at org.stepdefinition.Steps.I_Click_clear_Button(Steps.java:2424)
	at ✽.Click On Clear Button(file:TC_04_Contact_Sort_List.feature:20)
]]></failure>
    </testcase>
    <testcase classname="Validate Contact by Sort Option" name="To validate application to Sort the Contact Details by Job Level" time="1.448522">
        <failure message="org.openqa.selenium.ElementClickInterceptedException: element click intercepted: Element &lt;button type=&quot;submit&quot; class=&quot;btn btn-primary btn-search&quot;&gt;...&lt;/button&gt; is not clickable at point (211, 692). Other element would receive the click: &lt;modal-container role=&quot;dialog&quot; tabindex=&quot;-1&quot; class=&quot;modal fade show&quot; style=&quot;display: block;&quot; aria-modal=&quot;true&quot;&gt;...&lt;/modal-container&gt;&#10;  (Session info: chrome=107.0.5304.123)&#10;Build info: version: '3.141.59', revision: 'e82be7d358', time: '2018-11-14T08:17:03'&#10;System info: host: 'DESKTOP-T5IACJ8', ip: '192.168.0.103', os.name: 'Windows 10', os.arch: 'amd64', os.version: '10.0', java.version: '18.0.1.1'&#10;Driver info: org.openqa.selenium.chrome.ChromeDriver&#10;Capabilities {acceptInsecureCerts: false, browserName: chrome, browserVersion: 107.0.5304.123, chrome: {chromedriverVersion: 107.0.5304.62 (1eec40d3a576..., userDataDir: C:\Users\Asus\AppData\Local...}, goog:chromeOptions: {debuggerAddress: localhost:59131}, javascriptEnabled: true, networkConnectionEnabled: false, pageLoadStrategy: normal, platform: WINDOWS, platformName: WINDOWS, proxy: Proxy(), setWindowRect: true, strictFileInteractability: false, timeouts: {implicit: 0, pageLoad: 300000, script: 30000}, unhandledPromptBehavior: dismiss and notify, webauthn:extension:credBlob: true, webauthn:extension:largeBlob: true, webauthn:virtualAuthenticators: true}&#10;Session ID: 30d5f5db3fa00e273d9aaff2a9919122&#13;&#10;&#9;at java.base/jdk.internal.reflect.DirectConstructorHandleAccessor.newInstance(DirectConstructorHandleAccessor.java:67)&#13;&#10;&#9;at java.base/java.lang.reflect.Constructor.newInstanceWithCaller(Constructor.java:499)&#13;&#10;&#9;at java.base/java.lang.reflect.Constructor.newInstance(Constructor.java:483)&#13;&#10;&#9;at org.openqa.selenium.remote.http.W3CHttpResponseCodec.createException(W3CHttpResponseCodec.java:187)&#13;&#10;&#9;at org.openqa.selenium.remote.http.W3CHttpResponseCodec.decode(W3CHttpResponseCodec.java:122)&#13;&#10;&#9;at org.openqa.selenium.remote.http.W3CHttpResponseCodec.decode(W3CHttpResponseCodec.java:49)&#13;&#10;&#9;at org.openqa.selenium.remote.HttpCommandExecutor.execute(HttpCommandExecutor.java:158)&#13;&#10;&#9;at org.openqa.selenium.remote.service.DriverCommandExecutor.execute(DriverCommandExecutor.java:83)&#13;&#10;&#9;at org.openqa.selenium.remote.RemoteWebDriver.execute(RemoteWebDriver.java:552)&#13;&#10;&#9;at org.openqa.selenium.remote.RemoteWebElement.execute(RemoteWebElement.java:285)&#13;&#10;&#9;at org.openqa.selenium.remote.RemoteWebElement.click(RemoteWebElement.java:84)&#13;&#10;&#9;at java.base/jdk.internal.reflect.DirectMethodHandleAccessor.invoke(DirectMethodHandleAccessor.java:104)&#13;&#10;&#9;at java.base/java.lang.reflect.Method.invoke(Method.java:577)&#13;&#10;&#9;at org.openqa.selenium.support.pagefactory.internal.LocatingElementHandler.invoke(LocatingElementHandler.java:51)&#13;&#10;&#9;at jdk.proxy2/jdk.proxy2.$Proxy25.click(Unknown Source)&#13;&#10;&#9;at org.base.Global.clickButton(Global.java:77)&#13;&#10;&#9;at org.stepdefinition.Steps.I_Click_Search_Button(Steps.java:180)&#13;&#10;&#9;at ✽.Click on Search Button(file:TC_04_Contact_Sort_List.feature:30)&#13;&#10;"><![CDATA[And Click on Search Button..................................................failed
And Click On Sort Icon For Display Contact based on Job Level...............skipped
And Click On Sort Icon For Display Contact based on Job Level...............skipped

StackTrace:
org.openqa.selenium.ElementClickInterceptedException: element click intercepted: Element <button type="submit" class="btn btn-primary btn-search">...</button> is not clickable at point (211, 692). Other element would receive the click: <modal-container role="dialog" tabindex="-1" class="modal fade show" style="display: block;" aria-modal="true">...</modal-container>
  (Session info: chrome=107.0.5304.123)
Build info: version: '3.141.59', revision: 'e82be7d358', time: '2018-11-14T08:17:03'
System info: host: 'DESKTOP-T5IACJ8', ip: '192.168.0.103', os.name: 'Windows 10', os.arch: 'amd64', os.version: '10.0', java.version: '18.0.1.1'
Driver info: org.openqa.selenium.chrome.ChromeDriver
Capabilities {acceptInsecureCerts: false, browserName: chrome, browserVersion: 107.0.5304.123, chrome: {chromedriverVersion: 107.0.5304.62 (1eec40d3a576..., userDataDir: C:\Users\Asus\AppData\Local...}, goog:chromeOptions: {debuggerAddress: localhost:59131}, javascriptEnabled: true, networkConnectionEnabled: false, pageLoadStrategy: normal, platform: WINDOWS, platformName: WINDOWS, proxy: Proxy(), setWindowRect: true, strictFileInteractability: false, timeouts: {implicit: 0, pageLoad: 300000, script: 30000}, unhandledPromptBehavior: dismiss and notify, webauthn:extension:credBlob: true, webauthn:extension:largeBlob: true, webauthn:virtualAuthenticators: true}
Session ID: 30d5f5db3fa00e273d9aaff2a9919122
	at java.base/jdk.internal.reflect.DirectConstructorHandleAccessor.newInstance(DirectConstructorHandleAccessor.java:67)
	at java.base/java.lang.reflect.Constructor.newInstanceWithCaller(Constructor.java:499)
	at java.base/java.lang.reflect.Constructor.newInstance(Constructor.java:483)
	at org.openqa.selenium.remote.http.W3CHttpResponseCodec.createException(W3CHttpResponseCodec.java:187)
	at org.openqa.selenium.remote.http.W3CHttpResponseCodec.decode(W3CHttpResponseCodec.java:122)
	at org.openqa.selenium.remote.http.W3CHttpResponseCodec.decode(W3CHttpResponseCodec.java:49)
	at org.openqa.selenium.remote.HttpCommandExecutor.execute(HttpCommandExecutor.java:158)
	at org.openqa.selenium.remote.service.DriverCommandExecutor.execute(DriverCommandExecutor.java:83)
	at org.openqa.selenium.remote.RemoteWebDriver.execute(RemoteWebDriver.java:552)
	at org.openqa.selenium.remote.RemoteWebElement.execute(RemoteWebElement.java:285)
	at org.openqa.selenium.remote.RemoteWebElement.click(RemoteWebElement.java:84)
	at java.base/jdk.internal.reflect.DirectMethodHandleAccessor.invoke(DirectMethodHandleAccessor.java:104)
	at java.base/java.lang.reflect.Method.invoke(Method.java:577)
	at org.openqa.selenium.support.pagefactory.internal.LocatingElementHandler.invoke(LocatingElementHandler.java:51)
	at jdk.proxy2/jdk.proxy2.$Proxy25.click(Unknown Source)
	at org.base.Global.clickButton(Global.java:77)
	at org.stepdefinition.Steps.I_Click_Search_Button(Steps.java:180)
	at ✽.Click on Search Button(file:TC_04_Contact_Sort_List.feature:30)
]]></failure>
    </testcase>
    <testcase classname="Validate Contact by Sort Option" name="To validate application to Sort the Contact Details by Dept" time="3.431304">
        <failure message="org.openqa.selenium.ElementClickInterceptedException: element click intercepted: Element &lt;button type=&quot;button&quot; class=&quot;btn btn-outline-danger btn-clear px-3&quot;&gt;...&lt;/button&gt; is not clickable at point (70, 692). Other element would receive the click: &lt;modal-container role=&quot;dialog&quot; tabindex=&quot;-1&quot; class=&quot;modal fade show&quot; style=&quot;display: block;&quot; aria-modal=&quot;true&quot;&gt;...&lt;/modal-container&gt;&#10;  (Session info: chrome=107.0.5304.123)&#10;Build info: version: '3.141.59', revision: 'e82be7d358', time: '2018-11-14T08:17:03'&#10;System info: host: 'DESKTOP-T5IACJ8', ip: '192.168.0.103', os.name: 'Windows 10', os.arch: 'amd64', os.version: '10.0', java.version: '18.0.1.1'&#10;Driver info: org.openqa.selenium.chrome.ChromeDriver&#10;Capabilities {acceptInsecureCerts: false, browserName: chrome, browserVersion: 107.0.5304.123, chrome: {chromedriverVersion: 107.0.5304.62 (1eec40d3a576..., userDataDir: C:\Users\Asus\AppData\Local...}, goog:chromeOptions: {debuggerAddress: localhost:59131}, javascriptEnabled: true, networkConnectionEnabled: false, pageLoadStrategy: normal, platform: WINDOWS, platformName: WINDOWS, proxy: Proxy(), setWindowRect: true, strictFileInteractability: false, timeouts: {implicit: 0, pageLoad: 300000, script: 30000}, unhandledPromptBehavior: dismiss and notify, webauthn:extension:credBlob: true, webauthn:extension:largeBlob: true, webauthn:virtualAuthenticators: true}&#10;Session ID: 30d5f5db3fa00e273d9aaff2a9919122&#13;&#10;&#9;at java.base/jdk.internal.reflect.DirectConstructorHandleAccessor.newInstance(DirectConstructorHandleAccessor.java:67)&#13;&#10;&#9;at java.base/java.lang.reflect.Constructor.newInstanceWithCaller(Constructor.java:499)&#13;&#10;&#9;at java.base/java.lang.reflect.Constructor.newInstance(Constructor.java:483)&#13;&#10;&#9;at org.openqa.selenium.remote.http.W3CHttpResponseCodec.createException(W3CHttpResponseCodec.java:187)&#13;&#10;&#9;at org.openqa.selenium.remote.http.W3CHttpResponseCodec.decode(W3CHttpResponseCodec.java:122)&#13;&#10;&#9;at org.openqa.selenium.remote.http.W3CHttpResponseCodec.decode(W3CHttpResponseCodec.java:49)&#13;&#10;&#9;at org.openqa.selenium.remote.HttpCommandExecutor.execute(HttpCommandExecutor.java:158)&#13;&#10;&#9;at org.openqa.selenium.remote.service.DriverCommandExecutor.execute(DriverCommandExecutor.java:83)&#13;&#10;&#9;at org.openqa.selenium.remote.RemoteWebDriver.execute(RemoteWebDriver.java:552)&#13;&#10;&#9;at org.openqa.selenium.remote.RemoteWebElement.execute(RemoteWebElement.java:285)&#13;&#10;&#9;at org.openqa.selenium.remote.RemoteWebElement.click(RemoteWebElement.java:84)&#13;&#10;&#9;at java.base/jdk.internal.reflect.DirectMethodHandleAccessor.invoke(DirectMethodHandleAccessor.java:104)&#13;&#10;&#9;at java.base/java.lang.reflect.Method.invoke(Method.java:577)&#13;&#10;&#9;at org.openqa.selenium.support.pagefactory.internal.LocatingElementHandler.invoke(LocatingElementHandler.java:51)&#13;&#10;&#9;at jdk.proxy2/jdk.proxy2.$Proxy25.click(Unknown Source)&#13;&#10;&#9;at org.base.Global.clickButton(Global.java:77)&#13;&#10;&#9;at org.stepdefinition.Steps.I_Click_clear_Button(Steps.java:2424)&#13;&#10;&#9;at ✽.Click On Clear Button(file:TC_04_Contact_Sort_List.feature:36)&#13;&#10;"><![CDATA[And Click On Clear Button...................................................failed
And Click On Do Not Save Button.............................................skipped
And Click on Search Button..................................................skipped
And Click On Sort Icon For Display Contact based on Dept....................skipped
And Click On Sort Icon For Display Contact based on Dept....................skipped

StackTrace:
org.openqa.selenium.ElementClickInterceptedException: element click intercepted: Element <button type="button" class="btn btn-outline-danger btn-clear px-3">...</button> is not clickable at point (70, 692). Other element would receive the click: <modal-container role="dialog" tabindex="-1" class="modal fade show" style="display: block;" aria-modal="true">...</modal-container>
  (Session info: chrome=107.0.5304.123)
Build info: version: '3.141.59', revision: 'e82be7d358', time: '2018-11-14T08:17:03'
System info: host: 'DESKTOP-T5IACJ8', ip: '192.168.0.103', os.name: 'Windows 10', os.arch: 'amd64', os.version: '10.0', java.version: '18.0.1.1'
Driver info: org.openqa.selenium.chrome.ChromeDriver
Capabilities {acceptInsecureCerts: false, browserName: chrome, browserVersion: 107.0.5304.123, chrome: {chromedriverVersion: 107.0.5304.62 (1eec40d3a576..., userDataDir: C:\Users\Asus\AppData\Local...}, goog:chromeOptions: {debuggerAddress: localhost:59131}, javascriptEnabled: true, networkConnectionEnabled: false, pageLoadStrategy: normal, platform: WINDOWS, platformName: WINDOWS, proxy: Proxy(), setWindowRect: true, strictFileInteractability: false, timeouts: {implicit: 0, pageLoad: 300000, script: 30000}, unhandledPromptBehavior: dismiss and notify, webauthn:extension:credBlob: true, webauthn:extension:largeBlob: true, webauthn:virtualAuthenticators: true}
Session ID: 30d5f5db3fa00e273d9aaff2a9919122
	at java.base/jdk.internal.reflect.DirectConstructorHandleAccessor.newInstance(DirectConstructorHandleAccessor.java:67)
	at java.base/java.lang.reflect.Constructor.newInstanceWithCaller(Constructor.java:499)
	at java.base/java.lang.reflect.Constructor.newInstance(Constructor.java:483)
	at org.openqa.selenium.remote.http.W3CHttpResponseCodec.createException(W3CHttpResponseCodec.java:187)
	at org.openqa.selenium.remote.http.W3CHttpResponseCodec.decode(W3CHttpResponseCodec.java:122)
	at org.openqa.selenium.remote.http.W3CHttpResponseCodec.decode(W3CHttpResponseCodec.java:49)
	at org.openqa.selenium.remote.HttpCommandExecutor.execute(HttpCommandExecutor.java:158)
	at org.openqa.selenium.remote.service.DriverCommandExecutor.execute(DriverCommandExecutor.java:83)
	at org.openqa.selenium.remote.RemoteWebDriver.execute(RemoteWebDriver.java:552)
	at org.openqa.selenium.remote.RemoteWebElement.execute(RemoteWebElement.java:285)
	at org.openqa.selenium.remote.RemoteWebElement.click(RemoteWebElement.java:84)
	at java.base/jdk.internal.reflect.DirectMethodHandleAccessor.invoke(DirectMethodHandleAccessor.java:104)
	at java.base/java.lang.reflect.Method.invoke(Method.java:577)
	at org.openqa.selenium.support.pagefactory.internal.LocatingElementHandler.invoke(LocatingElementHandler.java:51)
	at jdk.proxy2/jdk.proxy2.$Proxy25.click(Unknown Source)
	at org.base.Global.clickButton(Global.java:77)
	at org.stepdefinition.Steps.I_Click_clear_Button(Steps.java:2424)
	at ✽.Click On Clear Button(file:TC_04_Contact_Sort_List.feature:36)
]]></failure>
    </testcase>
    <testcase classname="Validate Contact by Sort Option" name="To validate application to Sort the Contact Details by Comp" time="3.409379">
        <failure message="org.openqa.selenium.ElementClickInterceptedException: element click intercepted: Element &lt;button type=&quot;button&quot; class=&quot;btn btn-outline-danger btn-clear px-3&quot;&gt;...&lt;/button&gt; is not clickable at point (70, 692). Other element would receive the click: &lt;modal-container role=&quot;dialog&quot; tabindex=&quot;-1&quot; class=&quot;modal fade show&quot; style=&quot;display: block;&quot; aria-modal=&quot;true&quot;&gt;...&lt;/modal-container&gt;&#10;  (Session info: chrome=107.0.5304.123)&#10;Build info: version: '3.141.59', revision: 'e82be7d358', time: '2018-11-14T08:17:03'&#10;System info: host: 'DESKTOP-T5IACJ8', ip: '192.168.0.103', os.name: 'Windows 10', os.arch: 'amd64', os.version: '10.0', java.version: '18.0.1.1'&#10;Driver info: org.openqa.selenium.chrome.ChromeDriver&#10;Capabilities {acceptInsecureCerts: false, browserName: chrome, browserVersion: 107.0.5304.123, chrome: {chromedriverVersion: 107.0.5304.62 (1eec40d3a576..., userDataDir: C:\Users\Asus\AppData\Local...}, goog:chromeOptions: {debuggerAddress: localhost:59131}, javascriptEnabled: true, networkConnectionEnabled: false, pageLoadStrategy: normal, platform: WINDOWS, platformName: WINDOWS, proxy: Proxy(), setWindowRect: true, strictFileInteractability: false, timeouts: {implicit: 0, pageLoad: 300000, script: 30000}, unhandledPromptBehavior: dismiss and notify, webauthn:extension:credBlob: true, webauthn:extension:largeBlob: true, webauthn:virtualAuthenticators: true}&#10;Session ID: 30d5f5db3fa00e273d9aaff2a9919122&#13;&#10;&#9;at java.base/jdk.internal.reflect.DirectConstructorHandleAccessor.newInstance(DirectConstructorHandleAccessor.java:67)&#13;&#10;&#9;at java.base/java.lang.reflect.Constructor.newInstanceWithCaller(Constructor.java:499)&#13;&#10;&#9;at java.base/java.lang.reflect.Constructor.newInstance(Constructor.java:483)&#13;&#10;&#9;at org.openqa.selenium.remote.http.W3CHttpResponseCodec.createException(W3CHttpResponseCodec.java:187)&#13;&#10;&#9;at org.openqa.selenium.remote.http.W3CHttpResponseCodec.decode(W3CHttpResponseCodec.java:122)&#13;&#10;&#9;at org.openqa.selenium.remote.http.W3CHttpResponseCodec.decode(W3CHttpResponseCodec.java:49)&#13;&#10;&#9;at org.openqa.selenium.remote.HttpCommandExecutor.execute(HttpCommandExecutor.java:158)&#13;&#10;&#9;at org.openqa.selenium.remote.service.DriverCommandExecutor.execute(DriverCommandExecutor.java:83)&#13;&#10;&#9;at org.openqa.selenium.remote.RemoteWebDriver.execute(RemoteWebDriver.java:552)&#13;&#10;&#9;at org.openqa.selenium.remote.RemoteWebElement.execute(RemoteWebElement.java:285)&#13;&#10;&#9;at org.openqa.selenium.remote.RemoteWebElement.click(RemoteWebElement.java:84)&#13;&#10;&#9;at java.base/jdk.internal.reflect.DirectMethodHandleAccessor.invoke(DirectMethodHandleAccessor.java:104)&#13;&#10;&#9;at java.base/java.lang.reflect.Method.invoke(Method.java:577)&#13;&#10;&#9;at org.openqa.selenium.support.pagefactory.internal.LocatingElementHandler.invoke(LocatingElementHandler.java:51)&#13;&#10;&#9;at jdk.proxy2/jdk.proxy2.$Proxy25.click(Unknown Source)&#13;&#10;&#9;at org.base.Global.clickButton(Global.java:77)&#13;&#10;&#9;at org.stepdefinition.Steps.I_Click_clear_Button(Steps.java:2424)&#13;&#10;&#9;at ✽.Click On Clear Button(file:TC_04_Contact_Sort_List.feature:44)&#13;&#10;"><![CDATA[And Click On Clear Button...................................................failed
And Click On Do Not Save Button.............................................skipped
And Click on Search Button..................................................skipped
And Click On Sort Icon For Display Contact based on Comp....................skipped
And Click On Sort Icon For Display Contact based on Comp....................skipped

StackTrace:
org.openqa.selenium.ElementClickInterceptedException: element click intercepted: Element <button type="button" class="btn btn-outline-danger btn-clear px-3">...</button> is not clickable at point (70, 692). Other element would receive the click: <modal-container role="dialog" tabindex="-1" class="modal fade show" style="display: block;" aria-modal="true">...</modal-container>
  (Session info: chrome=107.0.5304.123)
Build info: version: '3.141.59', revision: 'e82be7d358', time: '2018-11-14T08:17:03'
System info: host: 'DESKTOP-T5IACJ8', ip: '192.168.0.103', os.name: 'Windows 10', os.arch: 'amd64', os.version: '10.0', java.version: '18.0.1.1'
Driver info: org.openqa.selenium.chrome.ChromeDriver
Capabilities {acceptInsecureCerts: false, browserName: chrome, browserVersion: 107.0.5304.123, chrome: {chromedriverVersion: 107.0.5304.62 (1eec40d3a576..., userDataDir: C:\Users\Asus\AppData\Local...}, goog:chromeOptions: {debuggerAddress: localhost:59131}, javascriptEnabled: true, networkConnectionEnabled: false, pageLoadStrategy: normal, platform: WINDOWS, platformName: WINDOWS, proxy: Proxy(), setWindowRect: true, strictFileInteractability: false, timeouts: {implicit: 0, pageLoad: 300000, script: 30000}, unhandledPromptBehavior: dismiss and notify, webauthn:extension:credBlob: true, webauthn:extension:largeBlob: true, webauthn:virtualAuthenticators: true}
Session ID: 30d5f5db3fa00e273d9aaff2a9919122
	at java.base/jdk.internal.reflect.DirectConstructorHandleAccessor.newInstance(DirectConstructorHandleAccessor.java:67)
	at java.base/java.lang.reflect.Constructor.newInstanceWithCaller(Constructor.java:499)
	at java.base/java.lang.reflect.Constructor.newInstance(Constructor.java:483)
	at org.openqa.selenium.remote.http.W3CHttpResponseCodec.createException(W3CHttpResponseCodec.java:187)
	at org.openqa.selenium.remote.http.W3CHttpResponseCodec.decode(W3CHttpResponseCodec.java:122)
	at org.openqa.selenium.remote.http.W3CHttpResponseCodec.decode(W3CHttpResponseCodec.java:49)
	at org.openqa.selenium.remote.HttpCommandExecutor.execute(HttpCommandExecutor.java:158)
	at org.openqa.selenium.remote.service.DriverCommandExecutor.execute(DriverCommandExecutor.java:83)
	at org.openqa.selenium.remote.RemoteWebDriver.execute(RemoteWebDriver.java:552)
	at org.openqa.selenium.remote.RemoteWebElement.execute(RemoteWebElement.java:285)
	at org.openqa.selenium.remote.RemoteWebElement.click(RemoteWebElement.java:84)
	at java.base/jdk.internal.reflect.DirectMethodHandleAccessor.invoke(DirectMethodHandleAccessor.java:104)
	at java.base/java.lang.reflect.Method.invoke(Method.java:577)
	at org.openqa.selenium.support.pagefactory.internal.LocatingElementHandler.invoke(LocatingElementHandler.java:51)
	at jdk.proxy2/jdk.proxy2.$Proxy25.click(Unknown Source)
	at org.base.Global.clickButton(Global.java:77)
	at org.stepdefinition.Steps.I_Click_clear_Button(Steps.java:2424)
	at ✽.Click On Clear Button(file:TC_04_Contact_Sort_List.feature:44)
]]></failure>
    </testcase>
    <testcase classname="Validate Contact by Sort Option" name="To validate application to Sort the Contact Details by Location" time="3.420139">
        <failure message="org.openqa.selenium.ElementClickInterceptedException: element click intercepted: Element &lt;button type=&quot;button&quot; class=&quot;btn btn-outline-danger btn-clear px-3&quot;&gt;...&lt;/button&gt; is not clickable at point (70, 692). Other element would receive the click: &lt;modal-container role=&quot;dialog&quot; tabindex=&quot;-1&quot; class=&quot;modal fade show&quot; style=&quot;display: block;&quot; aria-modal=&quot;true&quot;&gt;...&lt;/modal-container&gt;&#10;  (Session info: chrome=107.0.5304.123)&#10;Build info: version: '3.141.59', revision: 'e82be7d358', time: '2018-11-14T08:17:03'&#10;System info: host: 'DESKTOP-T5IACJ8', ip: '192.168.0.103', os.name: 'Windows 10', os.arch: 'amd64', os.version: '10.0', java.version: '18.0.1.1'&#10;Driver info: org.openqa.selenium.chrome.ChromeDriver&#10;Capabilities {acceptInsecureCerts: false, browserName: chrome, browserVersion: 107.0.5304.123, chrome: {chromedriverVersion: 107.0.5304.62 (1eec40d3a576..., userDataDir: C:\Users\Asus\AppData\Local...}, goog:chromeOptions: {debuggerAddress: localhost:59131}, javascriptEnabled: true, networkConnectionEnabled: false, pageLoadStrategy: normal, platform: WINDOWS, platformName: WINDOWS, proxy: Proxy(), setWindowRect: true, strictFileInteractability: false, timeouts: {implicit: 0, pageLoad: 300000, script: 30000}, unhandledPromptBehavior: dismiss and notify, webauthn:extension:credBlob: true, webauthn:extension:largeBlob: true, webauthn:virtualAuthenticators: true}&#10;Session ID: 30d5f5db3fa00e273d9aaff2a9919122&#13;&#10;&#9;at java.base/jdk.internal.reflect.DirectConstructorHandleAccessor.newInstance(DirectConstructorHandleAccessor.java:67)&#13;&#10;&#9;at java.base/java.lang.reflect.Constructor.newInstanceWithCaller(Constructor.java:499)&#13;&#10;&#9;at java.base/java.lang.reflect.Constructor.newInstance(Constructor.java:483)&#13;&#10;&#9;at org.openqa.selenium.remote.http.W3CHttpResponseCodec.createException(W3CHttpResponseCodec.java:187)&#13;&#10;&#9;at org.openqa.selenium.remote.http.W3CHttpResponseCodec.decode(W3CHttpResponseCodec.java:122)&#13;&#10;&#9;at org.openqa.selenium.remote.http.W3CHttpResponseCodec.decode(W3CHttpResponseCodec.java:49)&#13;&#10;&#9;at org.openqa.selenium.remote.HttpCommandExecutor.execute(HttpCommandExecutor.java:158)&#13;&#10;&#9;at org.openqa.selenium.remote.service.DriverCommandExecutor.execute(DriverCommandExecutor.java:83)&#13;&#10;&#9;at org.openqa.selenium.remote.RemoteWebDriver.execute(RemoteWebDriver.java:552)&#13;&#10;&#9;at org.openqa.selenium.remote.RemoteWebElement.execute(RemoteWebElement.java:285)&#13;&#10;&#9;at org.openqa.selenium.remote.RemoteWebElement.click(RemoteWebElement.java:84)&#13;&#10;&#9;at java.base/jdk.internal.reflect.DirectMethodHandleAccessor.invoke(DirectMethodHandleAccessor.java:104)&#13;&#10;&#9;at java.base/java.lang.reflect.Method.invoke(Method.java:577)&#13;&#10;&#9;at org.openqa.selenium.support.pagefactory.internal.LocatingElementHandler.invoke(LocatingElementHandler.java:51)&#13;&#10;&#9;at jdk.proxy2/jdk.proxy2.$Proxy25.click(Unknown Source)&#13;&#10;&#9;at org.base.Global.clickButton(Global.java:77)&#13;&#10;&#9;at org.stepdefinition.Steps.I_Click_clear_Button(Steps.java:2424)&#13;&#10;&#9;at ✽.Click On Clear Button(file:TC_04_Contact_Sort_List.feature:52)&#13;&#10;"><![CDATA[And Click On Clear Button...................................................failed
And Click On Do Not Save Button.............................................skipped
And Click on Search Button..................................................skipped
And Click On Sort Icon For Display Contact based on Location................skipped
And Click On Sort Icon For Display Contact based on Location................skipped

StackTrace:
org.openqa.selenium.ElementClickInterceptedException: element click intercepted: Element <button type="button" class="btn btn-outline-danger btn-clear px-3">...</button> is not clickable at point (70, 692). Other element would receive the click: <modal-container role="dialog" tabindex="-1" class="modal fade show" style="display: block;" aria-modal="true">...</modal-container>
  (Session info: chrome=107.0.5304.123)
Build info: version: '3.141.59', revision: 'e82be7d358', time: '2018-11-14T08:17:03'
System info: host: 'DESKTOP-T5IACJ8', ip: '192.168.0.103', os.name: 'Windows 10', os.arch: 'amd64', os.version: '10.0', java.version: '18.0.1.1'
Driver info: org.openqa.selenium.chrome.ChromeDriver
Capabilities {acceptInsecureCerts: false, browserName: chrome, browserVersion: 107.0.5304.123, chrome: {chromedriverVersion: 107.0.5304.62 (1eec40d3a576..., userDataDir: C:\Users\Asus\AppData\Local...}, goog:chromeOptions: {debuggerAddress: localhost:59131}, javascriptEnabled: true, networkConnectionEnabled: false, pageLoadStrategy: normal, platform: WINDOWS, platformName: WINDOWS, proxy: Proxy(), setWindowRect: true, strictFileInteractability: false, timeouts: {implicit: 0, pageLoad: 300000, script: 30000}, unhandledPromptBehavior: dismiss and notify, webauthn:extension:credBlob: true, webauthn:extension:largeBlob: true, webauthn:virtualAuthenticators: true}
Session ID: 30d5f5db3fa00e273d9aaff2a9919122
	at java.base/jdk.internal.reflect.DirectConstructorHandleAccessor.newInstance(DirectConstructorHandleAccessor.java:67)
	at java.base/java.lang.reflect.Constructor.newInstanceWithCaller(Constructor.java:499)
	at java.base/java.lang.reflect.Constructor.newInstance(Constructor.java:483)
	at org.openqa.selenium.remote.http.W3CHttpResponseCodec.createException(W3CHttpResponseCodec.java:187)
	at org.openqa.selenium.remote.http.W3CHttpResponseCodec.decode(W3CHttpResponseCodec.java:122)
	at org.openqa.selenium.remote.http.W3CHttpResponseCodec.decode(W3CHttpResponseCodec.java:49)
	at org.openqa.selenium.remote.HttpCommandExecutor.execute(HttpCommandExecutor.java:158)
	at org.openqa.selenium.remote.service.DriverCommandExecutor.execute(DriverCommandExecutor.java:83)
	at org.openqa.selenium.remote.RemoteWebDriver.execute(RemoteWebDriver.java:552)
	at org.openqa.selenium.remote.RemoteWebElement.execute(RemoteWebElement.java:285)
	at org.openqa.selenium.remote.RemoteWebElement.click(RemoteWebElement.java:84)
	at java.base/jdk.internal.reflect.DirectMethodHandleAccessor.invoke(DirectMethodHandleAccessor.java:104)
	at java.base/java.lang.reflect.Method.invoke(Method.java:577)
	at org.openqa.selenium.support.pagefactory.internal.LocatingElementHandler.invoke(LocatingElementHandler.java:51)
	at jdk.proxy2/jdk.proxy2.$Proxy25.click(Unknown Source)
	at org.base.Global.clickButton(Global.java:77)
	at org.stepdefinition.Steps.I_Click_clear_Button(Steps.java:2424)
	at ✽.Click On Clear Button(file:TC_04_Contact_Sort_List.feature:52)
]]></failure>
    </testcase>
    <testcase classname="Validate Contact by Sort Option" name="To validate application Logout" time="4.455408">
        <failure message="org.openqa.selenium.ElementClickInterceptedException: element click intercepted: Element &lt;span _ngcontent-cbf-c161=&quot;&quot; dropdowntoggle=&quot;&quot; class=&quot;welcome-anchor-color text-decoration-none&quot; aria-haspopup=&quot;true&quot;&gt;...&lt;/span&gt; is not clickable at point (1426, 37). Other element would receive the click: &lt;modal-container role=&quot;dialog&quot; tabindex=&quot;-1&quot; class=&quot;modal fade show&quot; style=&quot;display: block;&quot; aria-modal=&quot;true&quot;&gt;...&lt;/modal-container&gt;&#10;  (Session info: chrome=107.0.5304.123)&#10;Build info: version: '3.141.59', revision: 'e82be7d358', time: '2018-11-14T08:17:03'&#10;System info: host: 'DESKTOP-T5IACJ8', ip: '192.168.0.103', os.name: 'Windows 10', os.arch: 'amd64', os.version: '10.0', java.version: '18.0.1.1'&#10;Driver info: org.openqa.selenium.chrome.ChromeDriver&#10;Capabilities {acceptInsecureCerts: false, browserName: chrome, browserVersion: 107.0.5304.123, chrome: {chromedriverVersion: 107.0.5304.62 (1eec40d3a576..., userDataDir: C:\Users\Asus\AppData\Local...}, goog:chromeOptions: {debuggerAddress: localhost:59131}, javascriptEnabled: true, networkConnectionEnabled: false, pageLoadStrategy: normal, platform: WINDOWS, platformName: WINDOWS, proxy: Proxy(), setWindowRect: true, strictFileInteractability: false, timeouts: {implicit: 0, pageLoad: 300000, script: 30000}, unhandledPromptBehavior: dismiss and notify, webauthn:extension:credBlob: true, webauthn:extension:largeBlob: true, webauthn:virtualAuthenticators: true}&#10;Session ID: 30d5f5db3fa00e273d9aaff2a9919122&#13;&#10;&#9;at java.base/jdk.internal.reflect.DirectConstructorHandleAccessor.newInstance(DirectConstructorHandleAccessor.java:67)&#13;&#10;&#9;at java.base/java.lang.reflect.Constructor.newInstanceWithCaller(Constructor.java:499)&#13;&#10;&#9;at java.base/java.lang.reflect.Constructor.newInstance(Constructor.java:483)&#13;&#10;&#9;at org.openqa.selenium.remote.http.W3CHttpResponseCodec.createException(W3CHttpResponseCodec.java:187)&#13;&#10;&#9;at org.openqa.selenium.remote.http.W3CHttpResponseCodec.decode(W3CHttpResponseCodec.java:122)&#13;&#10;&#9;at org.openqa.selenium.remote.http.W3CHttpResponseCodec.decode(W3CHttpResponseCodec.java:49)&#13;&#10;&#9;at org.openqa.selenium.remote.HttpCommandExecutor.execute(HttpCommandExecutor.java:158)&#13;&#10;&#9;at org.openqa.selenium.remote.service.DriverCommandExecutor.execute(DriverCommandExecutor.java:83)&#13;&#10;&#9;at org.openqa.selenium.remote.RemoteWebDriver.execute(RemoteWebDriver.java:552)&#13;&#10;&#9;at org.openqa.selenium.remote.RemoteWebElement.execute(RemoteWebElement.java:285)&#13;&#10;&#9;at org.openqa.selenium.remote.RemoteWebElement.click(RemoteWebElement.java:84)&#13;&#10;&#9;at java.base/jdk.internal.reflect.DirectMethodHandleAccessor.invoke(DirectMethodHandleAccessor.java:104)&#13;&#10;&#9;at java.base/java.lang.reflect.Method.invoke(Method.java:577)&#13;&#10;&#9;at org.openqa.selenium.support.pagefactory.internal.LocatingElementHandler.invoke(LocatingElementHandler.java:51)&#13;&#10;&#9;at jdk.proxy2/jdk.proxy2.$Proxy25.click(Unknown Source)&#13;&#10;&#9;at org.base.Global.clickButton(Global.java:77)&#13;&#10;&#9;at org.stepdefinition.Steps.I_click_welcome_Logout(Steps.java:2607)&#13;&#10;&#9;at ✽.Click On Setting Options(file:TC_04_Contact_Sort_List.feature:60)&#13;&#10;"><![CDATA[When Click On Setting Options...............................................failed
And Click On Logout Options.................................................skipped

StackTrace:
org.openqa.selenium.ElementClickInterceptedException: element click intercepted: Element <span _ngcontent-cbf-c161="" dropdowntoggle="" class="welcome-anchor-color text-decoration-none" aria-haspopup="true">...</span> is not clickable at point (1426, 37). Other element would receive the click: <modal-container role="dialog" tabindex="-1" class="modal fade show" style="display: block;" aria-modal="true">...</modal-container>
  (Session info: chrome=107.0.5304.123)
Build info: version: '3.141.59', revision: 'e82be7d358', time: '2018-11-14T08:17:03'
System info: host: 'DESKTOP-T5IACJ8', ip: '192.168.0.103', os.name: 'Windows 10', os.arch: 'amd64', os.version: '10.0', java.version: '18.0.1.1'
Driver info: org.openqa.selenium.chrome.ChromeDriver
Capabilities {acceptInsecureCerts: false, browserName: chrome, browserVersion: 107.0.5304.123, chrome: {chromedriverVersion: 107.0.5304.62 (1eec40d3a576..., userDataDir: C:\Users\Asus\AppData\Local...}, goog:chromeOptions: {debuggerAddress: localhost:59131}, javascriptEnabled: true, networkConnectionEnabled: false, pageLoadStrategy: normal, platform: WINDOWS, platformName: WINDOWS, proxy: Proxy(), setWindowRect: true, strictFileInteractability: false, timeouts: {implicit: 0, pageLoad: 300000, script: 30000}, unhandledPromptBehavior: dismiss and notify, webauthn:extension:credBlob: true, webauthn:extension:largeBlob: true, webauthn:virtualAuthenticators: true}
Session ID: 30d5f5db3fa00e273d9aaff2a9919122
	at java.base/jdk.internal.reflect.DirectConstructorHandleAccessor.newInstance(DirectConstructorHandleAccessor.java:67)
	at java.base/java.lang.reflect.Constructor.newInstanceWithCaller(Constructor.java:499)
	at java.base/java.lang.reflect.Constructor.newInstance(Constructor.java:483)
	at org.openqa.selenium.remote.http.W3CHttpResponseCodec.createException(W3CHttpResponseCodec.java:187)
	at org.openqa.selenium.remote.http.W3CHttpResponseCodec.decode(W3CHttpResponseCodec.java:122)
	at org.openqa.selenium.remote.http.W3CHttpResponseCodec.decode(W3CHttpResponseCodec.java:49)
	at org.openqa.selenium.remote.HttpCommandExecutor.execute(HttpCommandExecutor.java:158)
	at org.openqa.selenium.remote.service.DriverCommandExecutor.execute(DriverCommandExecutor.java:83)
	at org.openqa.selenium.remote.RemoteWebDriver.execute(RemoteWebDriver.java:552)
	at org.openqa.selenium.remote.RemoteWebElement.execute(RemoteWebElement.java:285)
	at org.openqa.selenium.remote.RemoteWebElement.click(RemoteWebElement.java:84)
	at java.base/jdk.internal.reflect.DirectMethodHandleAccessor.invoke(DirectMethodHandleAccessor.java:104)
	at java.base/java.lang.reflect.Method.invoke(Method.java:577)
	at org.openqa.selenium.support.pagefactory.internal.LocatingElementHandler.invoke(LocatingElementHandler.java:51)
	at jdk.proxy2/jdk.proxy2.$Proxy25.click(Unknown Source)
	at org.base.Global.clickButton(Global.java:77)
	at org.stepdefinition.Steps.I_click_welcome_Logout(Steps.java:2607)
	at ✽.Click On Setting Options(file:TC_04_Contact_Sort_List.feature:60)
]]></failure>
    </testcase>
    <testcase classname="Validate Contact by Sort Option" name="To validate SalesIntel application Valid User Username and Valid Password" time="21.744116">
        <failure message="org.openqa.selenium.NoSuchElementException: no such element: Unable to locate element: {&quot;method&quot;:&quot;xpath&quot;,&quot;selector&quot;:&quot;//input[@type='password']&quot;}&#10;  (Session info: chrome=107.0.5304.123)&#10;For documentation on this error, please visit: https://www.seleniumhq.org/exceptions/no_such_element.html&#10;Build info: version: '3.141.59', revision: 'e82be7d358', time: '2018-11-14T08:17:03'&#10;System info: host: 'DESKTOP-T5IACJ8', ip: '192.168.0.103', os.name: 'Windows 10', os.arch: 'amd64', os.version: '10.0', java.version: '18.0.1.1'&#10;Driver info: org.openqa.selenium.chrome.ChromeDriver&#10;Capabilities {acceptInsecureCerts: false, browserName: chrome, browserVersion: 107.0.5304.123, chrome: {chromedriverVersion: 107.0.5304.62 (1eec40d3a576..., userDataDir: C:\Users\Asus\AppData\Local...}, goog:chromeOptions: {debuggerAddress: localhost:59131}, javascriptEnabled: true, networkConnectionEnabled: false, pageLoadStrategy: normal, platform: WINDOWS, platformName: WINDOWS, proxy: Proxy(), setWindowRect: true, strictFileInteractability: false, timeouts: {implicit: 0, pageLoad: 300000, script: 30000}, unhandledPromptBehavior: dismiss and notify, webauthn:extension:credBlob: true, webauthn:extension:largeBlob: true, webauthn:virtualAuthenticators: true}&#10;Session ID: 30d5f5db3fa00e273d9aaff2a9919122&#10;*** Element info: {Using=xpath, value=//input[@type='password']}&#13;&#10;&#9;at java.base/jdk.internal.reflect.DirectConstructorHandleAccessor.newInstance(DirectConstructorHandleAccessor.java:67)&#13;&#10;&#9;at java.base/java.lang.reflect.Constructor.newInstanceWithCaller(Constructor.java:499)&#13;&#10;&#9;at java.base/java.lang.reflect.Constructor.newInstance(Constructor.java:483)&#13;&#10;&#9;at org.openqa.selenium.remote.http.W3CHttpResponseCodec.createException(W3CHttpResponseCodec.java:187)&#13;&#10;&#9;at org.openqa.selenium.remote.http.W3CHttpResponseCodec.decode(W3CHttpResponseCodec.java:122)&#13;&#10;&#9;at org.openqa.selenium.remote.http.W3CHttpResponseCodec.decode(W3CHttpResponseCodec.java:49)&#13;&#10;&#9;at org.openqa.selenium.remote.HttpCommandExecutor.execute(HttpCommandExecutor.java:158)&#13;&#10;&#9;at org.openqa.selenium.remote.service.DriverCommandExecutor.execute(DriverCommandExecutor.java:83)&#13;&#10;&#9;at org.openqa.selenium.remote.RemoteWebDriver.execute(RemoteWebDriver.java:552)&#13;&#10;&#9;at org.openqa.selenium.remote.RemoteWebDriver.findElement(RemoteWebDriver.java:323)&#13;&#10;&#9;at org.openqa.selenium.remote.RemoteWebDriver.findElementByXPath(RemoteWebDriver.java:428)&#13;&#10;&#9;at org.openqa.selenium.By$ByXPath.findElement(By.java:353)&#13;&#10;&#9;at org.openqa.selenium.remote.RemoteWebDriver.findElement(RemoteWebDriver.java:315)&#13;&#10;&#9;at org.openqa.selenium.support.pagefactory.DefaultElementLocator.findElement(DefaultElementLocator.java:69)&#13;&#10;&#9;at org.openqa.selenium.support.pagefactory.internal.LocatingElementHandler.invoke(LocatingElementHandler.java:38)&#13;&#10;&#9;at jdk.proxy2/jdk.proxy2.$Proxy25.sendKeys(Unknown Source)&#13;&#10;&#9;at org.base.Global.enterData(Global.java:73)&#13;&#10;&#9;at org.stepdefinition.Steps.i_enter_the_password(Steps.java:87)&#13;&#10;&#9;at ✽.Enter Valid Password(file:TC_05_Company_Sort_List.feature:6)&#13;&#10;"><![CDATA[And Enter Valid Username....................................................passed
And Enter Valid Password....................................................failed
And Click On Login Button...................................................skipped

StackTrace:
org.openqa.selenium.NoSuchElementException: no such element: Unable to locate element: {"method":"xpath","selector":"//input[@type='password']"}
  (Session info: chrome=107.0.5304.123)
For documentation on this error, please visit: https://www.seleniumhq.org/exceptions/no_such_element.html
Build info: version: '3.141.59', revision: 'e82be7d358', time: '2018-11-14T08:17:03'
System info: host: 'DESKTOP-T5IACJ8', ip: '192.168.0.103', os.name: 'Windows 10', os.arch: 'amd64', os.version: '10.0', java.version: '18.0.1.1'
Driver info: org.openqa.selenium.chrome.ChromeDriver
Capabilities {acceptInsecureCerts: false, browserName: chrome, browserVersion: 107.0.5304.123, chrome: {chromedriverVersion: 107.0.5304.62 (1eec40d3a576..., userDataDir: C:\Users\Asus\AppData\Local...}, goog:chromeOptions: {debuggerAddress: localhost:59131}, javascriptEnabled: true, networkConnectionEnabled: false, pageLoadStrategy: normal, platform: WINDOWS, platformName: WINDOWS, proxy: Proxy(), setWindowRect: true, strictFileInteractability: false, timeouts: {implicit: 0, pageLoad: 300000, script: 30000}, unhandledPromptBehavior: dismiss and notify, webauthn:extension:credBlob: true, webauthn:extension:largeBlob: true, webauthn:virtualAuthenticators: true}
Session ID: 30d5f5db3fa00e273d9aaff2a9919122
*** Element info: {Using=xpath, value=//input[@type='password']}
	at java.base/jdk.internal.reflect.DirectConstructorHandleAccessor.newInstance(DirectConstructorHandleAccessor.java:67)
	at java.base/java.lang.reflect.Constructor.newInstanceWithCaller(Constructor.java:499)
	at java.base/java.lang.reflect.Constructor.newInstance(Constructor.java:483)
	at org.openqa.selenium.remote.http.W3CHttpResponseCodec.createException(W3CHttpResponseCodec.java:187)
	at org.openqa.selenium.remote.http.W3CHttpResponseCodec.decode(W3CHttpResponseCodec.java:122)
	at org.openqa.selenium.remote.http.W3CHttpResponseCodec.decode(W3CHttpResponseCodec.java:49)
	at org.openqa.selenium.remote.HttpCommandExecutor.execute(HttpCommandExecutor.java:158)
	at org.openqa.selenium.remote.service.DriverCommandExecutor.execute(DriverCommandExecutor.java:83)
	at org.openqa.selenium.remote.RemoteWebDriver.execute(RemoteWebDriver.java:552)
	at org.openqa.selenium.remote.RemoteWebDriver.findElement(RemoteWebDriver.java:323)
	at org.openqa.selenium.remote.RemoteWebDriver.findElementByXPath(RemoteWebDriver.java:428)
	at org.openqa.selenium.By$ByXPath.findElement(By.java:353)
	at org.openqa.selenium.remote.RemoteWebDriver.findElement(RemoteWebDriver.java:315)
	at org.openqa.selenium.support.pagefactory.DefaultElementLocator.findElement(DefaultElementLocator.java:69)
	at org.openqa.selenium.support.pagefactory.internal.LocatingElementHandler.invoke(LocatingElementHandler.java:38)
	at jdk.proxy2/jdk.proxy2.$Proxy25.sendKeys(Unknown Source)
	at org.base.Global.enterData(Global.java:73)
	at org.stepdefinition.Steps.i_enter_the_password(Steps.java:87)
	at ✽.Enter Valid Password(file:TC_05_Company_Sort_List.feature:6)
]]></failure>
    </testcase>
    <testcase classname="Validate Contact by Sort Option" name="To validate application to Sort the Contact Details by Name" time="46.425368">
        <system-out><![CDATA[Then Click on Company Radio Button..........................................passed
When Click on Search Button.................................................passed
And Click On Sort Icon For Display Contact based on Contact Name............passed
And Click On Sort Icon For Display Contact based on Contact Name............passed
]]></system-out>
    </testcase>
    <testcase classname="Validate Contact by Sort Option" name="To validate application to Sort the Contact Details by Job" time="41.356675">
        <system-out><![CDATA[And Click on Search Button..................................................passed
And Click On Sort Icon For Display Contact based on Job Title...............passed
And Click On Sort Icon For Display Contact based on Job Title...............passed
]]></system-out>
    </testcase>
    <testcase classname="Validate Contact by Sort Option" name="To validate application to Sort the Contact Details by Job Level" time="41.474528">
        <system-out><![CDATA[And Click on Search Button..................................................passed
And Click On Sort Icon For Display Contact based on Job Level...............passed
And Click On Sort Icon For Display Contact based on Job Level...............passed
]]></system-out>
    </testcase>
    <testcase classname="Validate Contact by Sort Option" name="To validate application to Sort the Contact Details by Dept" time="51.312627">
        <system-out><![CDATA[And Click on Search Button..................................................passed
And Click On Sort Icon For Display Contact based on Dept....................passed
And Click On Sort Icon For Display Contact based on Dept....................passed
]]></system-out>
    </testcase>
    <testcase classname="Validate Contact by Sort Option" name="To validate application to Sort the Contact Details by Comp" time="41.358501">
        <system-out><![CDATA[And Click on Search Button..................................................passed
And Click On Sort Icon For Display Contact based on Comp....................passed
And Click On Sort Icon For Display Contact based on Comp....................passed
]]></system-out>
    </testcase>
    <testcase classname="Validate Contact by Sort Option" name="To validate application to Sort the Contact Details by Location" time="41.401943">
        <system-out><![CDATA[And Click on Search Button..................................................passed
And Click On Sort Icon For Display Contact based on Location................passed
And Click On Sort Icon For Display Contact based on Location................passed
]]></system-out>
    </testcase>
    <testcase classname="Validate Contact by Sort Option" name="To validate application Logout" time="6.673254">
        <system-out><![CDATA[When Click On Setting Options...............................................passed
And Click On Logout Options.................................................passed
]]></system-out>
    </testcase>
    <testcase classname="Validate RoD Contacts Verification" name="To validate SalesIntel application Valid User Username and Valid Password" time="10.460683">
        <system-out><![CDATA[And Enter Universal Valid Username..........................................passed
And Enter Universal Valid Password..........................................passed
And Click On Login Button...................................................passed
]]></system-out>
    </testcase>
    <testcase classname="Validate RoD Contacts Verification" name="To validate application Search Contact for ROD" time="62.931389">
        <system-out><![CDATA[Then Click on Contact Radio Button for Universal User.......................passed
When Click on Search Button.................................................passed
Then Verify Contact Name is displayed.......................................passed
When Click on Contact Name Button...........................................passed
Then Verify First Name is displayed.........................................passed
And Verify Last Name is displayed...........................................passed
When Enter the Universal First Name.........................................passed
And Enter the Universal Last Name...........................................passed
And Click on Search Button..................................................passed
And Click On Searched Contact...............................................passed
]]></system-out>
    </testcase>
    <testcase classname="Validate RoD Contacts Verification" name="To validate application &quot;Request Verification&quot;" time="9.20789">
        <system-out><![CDATA[Then Verify Request Verification Button is displayed........................passed
And Click On Request Verification Button....................................passed
]]></system-out>
    </testcase>
    <testcase classname="Validate RoD Contacts Verification" name="To validate application for Validate &quot;Requested Verification&quot;" time="10.058635">
        <system-out><![CDATA[Then Verify Requested Verification Status...................................passed
]]></system-out>
    </testcase>
    <testcase classname="Validate RoD Contacts Verification" name="To validate application Contact Requested in ROD Section" time="20.960605">
        <system-out><![CDATA[Then Verify RoD Tab is displayed............................................passed
And Click On RoD Tab........................................................passed
And Verify Requested ROD is Displayed in ROD tab............................passed
When Click On Setting Options...............................................passed
]]></system-out>
    </testcase>
    <testcase classname="Validate RoD Contacts Verification" name="To validate application Logout" time="3.800309">
        <system-out><![CDATA[And Click On Logout Options.................................................passed
]]></system-out>
    </testcase>
    <testcase classname="Validate Search By Job Department" name="To validate SalesIntel application login Valid User Username and Valid Password" time="10.667672">
        <system-out><![CDATA[And Enter Valid Username....................................................passed
And Enter Valid Password....................................................passed
And Click On Login Button...................................................passed
]]></system-out>
    </testcase>
    <testcase classname="Validate Search By Job Department" name="To validate application Search By Job Department section contents" time="0.127473">
        <system-out><![CDATA[When Verify Role Section is displayed.......................................passed
And Verify Job Department is displayed......................................passed
]]></system-out>
    </testcase>
    <testcase classname="Validate Search By Job Department" name="To validate application Search without Job Department Filter" time="10.96103">
        <system-out><![CDATA[Then Click on Search Button.................................................passed
]]></system-out>
    </testcase>
    <testcase classname="Validate Search By Job Department" name="To validate application Search by Finance Job Department Filter" time="35.136111">
        <system-out><![CDATA[And Click On Clear Button...................................................passed
And Click On Do Not Save Button.............................................passed
And Click on Job Department Filter..........................................passed
Then Click on Finance Department Filter.....................................passed
And Click on Search Button..................................................passed
Then Check Finance Department in Search Result..............................passed
]]></system-out>
    </testcase>
    <testcase classname="Validate Search By Job Department" name="To validate application Search by HR Job Department Filter" time="35.023988">
        <system-out><![CDATA[And Click On Clear Button...................................................passed
And Click On Do Not Save Button.............................................passed
And Click on Job Department Filter..........................................passed
Then Click on HR Department Filter..........................................passed
And Click on Search Button..................................................passed
Then Check HR Department in Search Result...................................passed
]]></system-out>
    </testcase>
    <testcase classname="Validate Search By Job Department" name="To validate application Search by IT Job Department Filter" time="35.083778">
        <system-out><![CDATA[And Click On Clear Button...................................................passed
And Click On Do Not Save Button.............................................passed
And Click on Job Department Filter..........................................passed
Then Click on IT Department Filter..........................................passed
And Click on Search Button..................................................passed
Then Check IT Department in Search Result...................................passed
]]></system-out>
    </testcase>
    <testcase classname="Validate Search By Job Department" name="To validate application Search by Legal Job Department Filter" time="33.051047">
        <system-out><![CDATA[When Click On Clear Button..................................................passed
And Click On Do Not Save Button.............................................passed
And Click on Job Department Filter..........................................passed
Then Click on Legal Department Filter.......................................passed
And Click on Search Button..................................................passed
Then Check Legal Department in Search Result................................passed
]]></system-out>
    </testcase>
    <testcase classname="Validate Search By Job Department" name="To validate application Search by Marketing Job Department Filter" time="33.051009">
        <system-out><![CDATA[When Click On Clear Button..................................................passed
And Click On Do Not Save Button.............................................passed
And Click on Job Department Filter..........................................passed
Then Click on Marketing Department Filter...................................passed
And Click on Search Button..................................................passed
Then Check Marketing Department in Search Result............................passed
]]></system-out>
    </testcase>
    <testcase classname="Validate Search By Job Department" name="To validate application Search by Operations Job Department Filter" time="33.040791">
        <system-out><![CDATA[When Click On Clear Button..................................................passed
And Click On Do Not Save Button.............................................passed
And Click on Job Department Filter..........................................passed
Then Click on Operations Department Filter..................................passed
And Click on Search Button..................................................passed
Then Check Operations Department in Search Result...........................passed
]]></system-out>
    </testcase>
    <testcase classname="Validate Search By Job Department" name="To validate application Search by Procurement Job Department Filter" time="33.00215">
        <system-out><![CDATA[When Click On Clear Button..................................................passed
And Click On Do Not Save Button.............................................passed
And Click on Job Department Filter..........................................passed
Then Click on Procurement Department Filter.................................passed
And Click on Search Button..................................................passed
Then Check Procurement Department in Search Result..........................passed
]]></system-out>
    </testcase>
    <testcase classname="Validate Search By Job Department" name="To validate application Search by R&amp;D Job Department Filter" time="33.065639">
        <system-out><![CDATA[When Click On Clear Button..................................................passed
And Click On Do Not Save Button.............................................passed
And Click on Job Department Filter..........................................passed
Then Click on R&D Department Filter.........................................passed
And Click on Search Button..................................................passed
Then Check R&D Department in Search Result..................................passed
]]></system-out>
    </testcase>
    <testcase classname="Validate Search By Job Department" name="To validate application Search by Sales Job Department Filter" time="34.839329">
        <system-out><![CDATA[When Click On Clear Button..................................................passed
And Click On Do Not Save Button.............................................passed
And Click on Job Department Filter..........................................passed
Then Click on Sales Department Filter.......................................passed
And Click on Search Button..................................................passed
Then Check Sales Department in Search Result................................passed
]]></system-out>
    </testcase>
    <testcase classname="Validate Search By Job Department" name="To validate application Search by Cross Functional Job Department Filter" time="33.079572">
        <system-out><![CDATA[When Click On Clear Button..................................................passed
And Click On Do Not Save Button.............................................passed
And Click on Job Department Filter..........................................passed
Then Click on Cross Functional Department Filter............................passed
And Click on Search Button..................................................passed
Then Check Cross Functional Department in Search Result.....................passed
]]></system-out>
    </testcase>
    <testcase classname="Validate Search By Job Level" name="To validate application Job Level is displayed" time="14.786459">
        <system-out><![CDATA[When Click On Clear Button..................................................passed
And Click On Do Not Save Button.............................................passed
And Verify Job Level Filter is displayed....................................passed
]]></system-out>
    </testcase>
    <testcase classname="Validate Search By Job Level" name="To validate application Search by Board Member Job Level Filter" time="16.154889">
        <system-out><![CDATA[When Click On Job Level Filter..............................................passed
And Click on Board Member Job Level Filter..................................passed
And Click on Search Button..................................................passed
Then Check Board Member Job Level in Result.................................passed
]]></system-out>
    </testcase>
    <testcase classname="Validate Search By Job Level" name="To validate application Search by C-level Executive Job Level Filter" time="27.807092">
        <system-out><![CDATA[When Click On Clear Button..................................................passed
And Click On Do Not Save Button.............................................passed
And Click On Job Level Filter...............................................passed
And Click On C-Level Executive Job Level Filter.............................passed
And Click on Search Button..................................................passed
And Check C-level Executive Job level in Result.............................passed
]]></system-out>
    </testcase>
    <testcase classname="Validate Search By Job Level" name="To validate application Search by Voice Presidents Job Level Filter" time="22.880542">
        <system-out><![CDATA[When Click On Clear Button..................................................passed
And Click On Do Not Save Button.............................................passed
And Click On Job Level Filter...............................................passed
And Click On Vice Presidents Job Level Filter...............................passed
And Click on Search Button..................................................passed
And Check Vice Presidents Job level in Result...............................passed
]]></system-out>
    </testcase>
    <testcase classname="Validate Search By Job Level" name="To validate application Search by Directors Job Level Filter" time="22.729786">
        <system-out><![CDATA[When Click On Clear Button..................................................passed
And Click On Do Not Save Button.............................................passed
And Click On Job Level Filter...............................................passed
And Click On Directors Job Level Filter.....................................passed
And Click on Search Button..................................................passed
And Check Directors Job level in Result.....................................passed
]]></system-out>
    </testcase>
    <testcase classname="Validate Search By Job Level" name="To validate application Search by Managers Job Level Filter" time="22.813483">
        <system-out><![CDATA[When Click On Clear Button..................................................passed
And Click On Do Not Save Button.............................................passed
And Click On Job Level Filter...............................................passed
And Click On Managers Job Level Filter......................................passed
And Click on Search Button..................................................passed
And Check Managers Job level in Result......................................passed
]]></system-out>
    </testcase>
    <testcase classname="Validate Search By Job Level" name="To validate application Search by Key Influencers Job Level Filter" time="27.959047">
        <system-out><![CDATA[When Click On Clear Button..................................................passed
And Click On Do Not Save Button.............................................passed
And Click On Job Level Filter...............................................passed
And Click On Key Influencers Job Level Filter...............................passed
And Click on Search Button..................................................passed
And Check Key Influencers Job level in Result...............................passed
]]></system-out>
    </testcase>
    <testcase classname="Validate Search By Job Level" name="To validate application Logout" time="6.78078">
        <system-out><![CDATA[When Click On Setting Options...............................................passed
And Click On Logout Options.................................................passed
]]></system-out>
    </testcase>
    <testcase classname="Validate Search By Job Title" name="To validate SalesIntel application Valid User Username and Valid Password" time="10.415268">
        <system-out><![CDATA[And Enter Valid Username....................................................passed
And Enter Valid Password....................................................passed
And Click On Login Button...................................................passed
]]></system-out>
    </testcase>
    <testcase classname="Validate Search By Job Title" name="To validate application Search By Job Title Filter" time="20.823947">
        <system-out><![CDATA[When Verify Role Section is displayed.......................................passed
And Verify Title filter is Displayed........................................passed
And Click on Title Filter...................................................passed
And Enter Title in Title filter.............................................passed
And Click on Search Button..................................................passed
Then Check searched title is displayed in Search Result.....................passed
]]></system-out>
    </testcase>
    <testcase classname="Validate Search By Job Title" name="To validate application Logout" time="6.723287">
        <system-out><![CDATA[When Click On Setting Options...............................................passed
And Click On Logout Options.................................................passed
]]></system-out>
    </testcase>
    <testcase classname="Validate Search By Contact Email" name="To validate SalesIntel application Valid User Username and Valid Password" time="10.401407">
        <system-out><![CDATA[And Enter Valid Username....................................................passed
And Enter Valid Password....................................................passed
And Click On Login Button...................................................passed
]]></system-out>
    </testcase>
    <testcase classname="Validate Search By Contact Email" name="To validate application Search by Invalid Email Address" time="12.124853">
        <system-out><![CDATA[Then Click on Contact Email Button..........................................passed
When Enter Invalid Contact Email Address....................................passed
Then Click on Search Button.................................................passed
And Verify Error Message is displayed When search with Invalid Email Address.passed
]]></system-out>
    </testcase>
    <testcase classname="Validate Search By Contact Email" name="To validate application Search by Valid Contact Email Address" time="15.009728">
        <system-out><![CDATA[When Click On Clear Button..................................................passed
And Click on Contact Email Button...........................................passed
And Enter Contact Email Address.............................................passed
And Click on Search Button..................................................passed
And Click on Searched Contact...............................................passed
Then Check email in Search Result...........................................passed
]]></system-out>
    </testcase>
    <testcase classname="Validate Search By Contact Email" name="To validate application Logout" time="7.391506">
        <system-out><![CDATA[When Click On Setting Options...............................................passed
And Click On Logout Options.................................................passed
]]></system-out>
    </testcase>
    <testcase classname="Validate Search by Location" name="To validate SalesIntel application Valid User Username and Valid Password" time="10.411543">
        <system-out><![CDATA[When Enter Valid Username...................................................passed
And Enter Valid Password....................................................passed
Then Click On Login Button..................................................passed
]]></system-out>
    </testcase>
    <testcase classname="Validate Search by Location" name="To validate Search by States in USA Location" time="36.970934">
        <system-out><![CDATA[When Verify Location filter is Displayed....................................passed
Then Click on Location Tab..................................................passed
Then Click on State Combobox................................................passed
Then Enter the Data in State Combobox.......................................passed
And Click on Search Button..................................................passed
Then Check CA for California State in Search Result.........................passed
]]></system-out>
    </testcase>
    <testcase classname="Validate Search by Location" name="To validate Search by Zip Code in USA Location" time="32.372539">
        <system-out><![CDATA[When Click On Clear Button..................................................passed
And Click On Do Not Save Button.............................................passed
And Verify Location filter is Displayed.....................................passed
And Click on Location Filter................................................passed
And Click on Zip code under USA.............................................passed
And Enter Zip Code in the text field........................................passed
Then Click on Search Button.................................................passed
]]></system-out>
    </testcase>
    <testcase classname="Validate Search by Location" name="To validate Search by Metro Areas in USA Location" time="35.723284">
        <system-out><![CDATA[When Click On Clear Button..................................................passed
And Click On Do Not Save Button.............................................passed
And Verify Location filter is Displayed.....................................passed
And Click on Location Filter................................................passed
And Click on Metro Areas under USA..........................................passed
And Click on Metro Areas Text Field.........................................passed
And Enter Albany GA Metro Area..............................................passed
Then Click on Search Button.................................................passed
]]></system-out>
    </testcase>
    <testcase classname="Validate Search by Location" name="To validate Search by Non-USA Location" time="60.996909">
        <failure message="org.openqa.selenium.NoSuchElementException: no such element: Unable to locate element: {&quot;method&quot;:&quot;xpath&quot;,&quot;selector&quot;:&quot;//*[contains(text(),'Spain')]&quot;}&#10;  (Session info: chrome=107.0.5304.123)&#10;For documentation on this error, please visit: https://www.seleniumhq.org/exceptions/no_such_element.html&#10;Build info: version: '3.141.59', revision: 'e82be7d358', time: '2018-11-14T08:17:03'&#10;System info: host: 'DESKTOP-T5IACJ8', ip: '192.168.0.103', os.name: 'Windows 10', os.arch: 'amd64', os.version: '10.0', java.version: '18.0.1.1'&#10;Driver info: org.openqa.selenium.chrome.ChromeDriver&#10;Capabilities {acceptInsecureCerts: false, browserName: chrome, browserVersion: 107.0.5304.123, chrome: {chromedriverVersion: 107.0.5304.62 (1eec40d3a576..., userDataDir: C:\Users\Asus\AppData\Local...}, goog:chromeOptions: {debuggerAddress: localhost:59131}, javascriptEnabled: true, networkConnectionEnabled: false, pageLoadStrategy: normal, platform: WINDOWS, platformName: WINDOWS, proxy: Proxy(), setWindowRect: true, strictFileInteractability: false, timeouts: {implicit: 0, pageLoad: 300000, script: 30000}, unhandledPromptBehavior: dismiss and notify, webauthn:extension:credBlob: true, webauthn:extension:largeBlob: true, webauthn:virtualAuthenticators: true}&#10;Session ID: 30d5f5db3fa00e273d9aaff2a9919122&#10;*** Element info: {Using=xpath, value=//*[contains(text(),'Spain')]}&#13;&#10;&#9;at java.base/jdk.internal.reflect.DirectConstructorHandleAccessor.newInstance(DirectConstructorHandleAccessor.java:67)&#13;&#10;&#9;at java.base/java.lang.reflect.Constructor.newInstanceWithCaller(Constructor.java:499)&#13;&#10;&#9;at java.base/java.lang.reflect.Constructor.newInstance(Constructor.java:483)&#13;&#10;&#9;at org.openqa.selenium.remote.http.W3CHttpResponseCodec.createException(W3CHttpResponseCodec.java:187)&#13;&#10;&#9;at org.openqa.selenium.remote.http.W3CHttpResponseCodec.decode(W3CHttpResponseCodec.java:122)&#13;&#10;&#9;at org.openqa.selenium.remote.http.W3CHttpResponseCodec.decode(W3CHttpResponseCodec.java:49)&#13;&#10;&#9;at org.openqa.selenium.remote.HttpCommandExecutor.execute(HttpCommandExecutor.java:158)&#13;&#10;&#9;at org.openqa.selenium.remote.service.DriverCommandExecutor.execute(DriverCommandExecutor.java:83)&#13;&#10;&#9;at org.openqa.selenium.remote.RemoteWebDriver.execute(RemoteWebDriver.java:552)&#13;&#10;&#9;at org.openqa.selenium.remote.RemoteWebDriver.findElement(RemoteWebDriver.java:323)&#13;&#10;&#9;at org.openqa.selenium.remote.RemoteWebDriver.findElementByXPath(RemoteWebDriver.java:428)&#13;&#10;&#9;at org.openqa.selenium.By$ByXPath.findElement(By.java:353)&#13;&#10;&#9;at org.openqa.selenium.remote.RemoteWebDriver.findElement(RemoteWebDriver.java:315)&#13;&#10;&#9;at org.stepdefinition.Steps.I_Check_Country_Location_In_Result(Steps.java:947)&#13;&#10;&#9;at ✽.Check Country in Location in Search Result(file:TC_11_Search_By_Location.feature:51)&#13;&#10;"><![CDATA[When Click On Clear Button..................................................passed
And Click On Do Not Save Button.............................................passed
And Verify Location filter is Displayed.....................................passed
And Click on Location Filter................................................passed
And Click on Non USA Radio Button...........................................passed
And Click on Country Input Box..............................................passed
And Enter Non USA Country Name..............................................passed
And Click on Search Button..................................................passed
Then Check Country in Location in Search Result.............................failed

StackTrace:
org.openqa.selenium.NoSuchElementException: no such element: Unable to locate element: {"method":"xpath","selector":"//*[contains(text(),'Spain')]"}
  (Session info: chrome=107.0.5304.123)
For documentation on this error, please visit: https://www.seleniumhq.org/exceptions/no_such_element.html
Build info: version: '3.141.59', revision: 'e82be7d358', time: '2018-11-14T08:17:03'
System info: host: 'DESKTOP-T5IACJ8', ip: '192.168.0.103', os.name: 'Windows 10', os.arch: 'amd64', os.version: '10.0', java.version: '18.0.1.1'
Driver info: org.openqa.selenium.chrome.ChromeDriver
Capabilities {acceptInsecureCerts: false, browserName: chrome, browserVersion: 107.0.5304.123, chrome: {chromedriverVersion: 107.0.5304.62 (1eec40d3a576..., userDataDir: C:\Users\Asus\AppData\Local...}, goog:chromeOptions: {debuggerAddress: localhost:59131}, javascriptEnabled: true, networkConnectionEnabled: false, pageLoadStrategy: normal, platform: WINDOWS, platformName: WINDOWS, proxy: Proxy(), setWindowRect: true, strictFileInteractability: false, timeouts: {implicit: 0, pageLoad: 300000, script: 30000}, unhandledPromptBehavior: dismiss and notify, webauthn:extension:credBlob: true, webauthn:extension:largeBlob: true, webauthn:virtualAuthenticators: true}
Session ID: 30d5f5db3fa00e273d9aaff2a9919122
*** Element info: {Using=xpath, value=//*[contains(text(),'Spain')]}
	at java.base/jdk.internal.reflect.DirectConstructorHandleAccessor.newInstance(DirectConstructorHandleAccessor.java:67)
	at java.base/java.lang.reflect.Constructor.newInstanceWithCaller(Constructor.java:499)
	at java.base/java.lang.reflect.Constructor.newInstance(Constructor.java:483)
	at org.openqa.selenium.remote.http.W3CHttpResponseCodec.createException(W3CHttpResponseCodec.java:187)
	at org.openqa.selenium.remote.http.W3CHttpResponseCodec.decode(W3CHttpResponseCodec.java:122)
	at org.openqa.selenium.remote.http.W3CHttpResponseCodec.decode(W3CHttpResponseCodec.java:49)
	at org.openqa.selenium.remote.HttpCommandExecutor.execute(HttpCommandExecutor.java:158)
	at org.openqa.selenium.remote.service.DriverCommandExecutor.execute(DriverCommandExecutor.java:83)
	at org.openqa.selenium.remote.RemoteWebDriver.execute(RemoteWebDriver.java:552)
	at org.openqa.selenium.remote.RemoteWebDriver.findElement(RemoteWebDriver.java:323)
	at org.openqa.selenium.remote.RemoteWebDriver.findElementByXPath(RemoteWebDriver.java:428)
	at org.openqa.selenium.By$ByXPath.findElement(By.java:353)
	at org.openqa.selenium.remote.RemoteWebDriver.findElement(RemoteWebDriver.java:315)
	at org.stepdefinition.Steps.I_Check_Country_Location_In_Result(Steps.java:947)
	at ✽.Check Country in Location in Search Result(file:TC_11_Search_By_Location.feature:51)
]]></failure>
    </testcase>
    <testcase classname="Validate Search by Location" name="To validate Search by Global Location" time="61.580145">
        <failure message="org.openqa.selenium.NoSuchElementException: no such element: Unable to locate element: {&quot;method&quot;:&quot;xpath&quot;,&quot;selector&quot;:&quot;//*[contains(text(),'Canada')]&quot;}&#10;  (Session info: chrome=107.0.5304.123)&#10;For documentation on this error, please visit: https://www.seleniumhq.org/exceptions/no_such_element.html&#10;Build info: version: '3.141.59', revision: 'e82be7d358', time: '2018-11-14T08:17:03'&#10;System info: host: 'DESKTOP-T5IACJ8', ip: '192.168.0.103', os.name: 'Windows 10', os.arch: 'amd64', os.version: '10.0', java.version: '18.0.1.1'&#10;Driver info: org.openqa.selenium.chrome.ChromeDriver&#10;Capabilities {acceptInsecureCerts: false, browserName: chrome, browserVersion: 107.0.5304.123, chrome: {chromedriverVersion: 107.0.5304.62 (1eec40d3a576..., userDataDir: C:\Users\Asus\AppData\Local...}, goog:chromeOptions: {debuggerAddress: localhost:59131}, javascriptEnabled: true, networkConnectionEnabled: false, pageLoadStrategy: normal, platform: WINDOWS, platformName: WINDOWS, proxy: Proxy(), setWindowRect: true, strictFileInteractability: false, timeouts: {implicit: 0, pageLoad: 300000, script: 30000}, unhandledPromptBehavior: dismiss and notify, webauthn:extension:credBlob: true, webauthn:extension:largeBlob: true, webauthn:virtualAuthenticators: true}&#10;Session ID: 30d5f5db3fa00e273d9aaff2a9919122&#10;*** Element info: {Using=xpath, value=//*[contains(text(),'Canada')]}&#13;&#10;&#9;at java.base/jdk.internal.reflect.DirectConstructorHandleAccessor.newInstance(DirectConstructorHandleAccessor.java:67)&#13;&#10;&#9;at java.base/java.lang.reflect.Constructor.newInstanceWithCaller(Constructor.java:499)&#13;&#10;&#9;at java.base/java.lang.reflect.Constructor.newInstance(Constructor.java:483)&#13;&#10;&#9;at org.openqa.selenium.remote.http.W3CHttpResponseCodec.createException(W3CHttpResponseCodec.java:187)&#13;&#10;&#9;at org.openqa.selenium.remote.http.W3CHttpResponseCodec.decode(W3CHttpResponseCodec.java:122)&#13;&#10;&#9;at org.openqa.selenium.remote.http.W3CHttpResponseCodec.decode(W3CHttpResponseCodec.java:49)&#13;&#10;&#9;at org.openqa.selenium.remote.HttpCommandExecutor.execute(HttpCommandExecutor.java:158)&#13;&#10;&#9;at org.openqa.selenium.remote.service.DriverCommandExecutor.execute(DriverCommandExecutor.java:83)&#13;&#10;&#9;at org.openqa.selenium.remote.RemoteWebDriver.execute(RemoteWebDriver.java:552)&#13;&#10;&#9;at org.openqa.selenium.remote.RemoteWebDriver.findElement(RemoteWebDriver.java:323)&#13;&#10;&#9;at org.openqa.selenium.remote.RemoteWebDriver.findElementByXPath(RemoteWebDriver.java:428)&#13;&#10;&#9;at org.openqa.selenium.By$ByXPath.findElement(By.java:353)&#13;&#10;&#9;at org.openqa.selenium.remote.RemoteWebDriver.findElement(RemoteWebDriver.java:315)&#13;&#10;&#9;at org.stepdefinition.Steps.I_Check_Global_Country_Location_In_Result(Steps.java:955)&#13;&#10;&#9;at ✽.Check Global Country in Location in Search Result(file:TC_11_Search_By_Location.feature:63)&#13;&#10;"><![CDATA[When Click On Clear Button..................................................passed
And Click On Do Not Save Button.............................................passed
And Verify Location filter is Displayed.....................................passed
And Click on Location Filter................................................passed
And Click on Global Radio Button............................................passed
And Click on Country Input Box..............................................passed
And Enter Global Country Name...............................................passed
And Click on Search Button..................................................passed
Then Check Global Country in Location in Search Result......................failed

StackTrace:
org.openqa.selenium.NoSuchElementException: no such element: Unable to locate element: {"method":"xpath","selector":"//*[contains(text(),'Canada')]"}
  (Session info: chrome=107.0.5304.123)
For documentation on this error, please visit: https://www.seleniumhq.org/exceptions/no_such_element.html
Build info: version: '3.141.59', revision: 'e82be7d358', time: '2018-11-14T08:17:03'
System info: host: 'DESKTOP-T5IACJ8', ip: '192.168.0.103', os.name: 'Windows 10', os.arch: 'amd64', os.version: '10.0', java.version: '18.0.1.1'
Driver info: org.openqa.selenium.chrome.ChromeDriver
Capabilities {acceptInsecureCerts: false, browserName: chrome, browserVersion: 107.0.5304.123, chrome: {chromedriverVersion: 107.0.5304.62 (1eec40d3a576..., userDataDir: C:\Users\Asus\AppData\Local...}, goog:chromeOptions: {debuggerAddress: localhost:59131}, javascriptEnabled: true, networkConnectionEnabled: false, pageLoadStrategy: normal, platform: WINDOWS, platformName: WINDOWS, proxy: Proxy(), setWindowRect: true, strictFileInteractability: false, timeouts: {implicit: 0, pageLoad: 300000, script: 30000}, unhandledPromptBehavior: dismiss and notify, webauthn:extension:credBlob: true, webauthn:extension:largeBlob: true, webauthn:virtualAuthenticators: true}
Session ID: 30d5f5db3fa00e273d9aaff2a9919122
*** Element info: {Using=xpath, value=//*[contains(text(),'Canada')]}
	at java.base/jdk.internal.reflect.DirectConstructorHandleAccessor.newInstance(DirectConstructorHandleAccessor.java:67)
	at java.base/java.lang.reflect.Constructor.newInstanceWithCaller(Constructor.java:499)
	at java.base/java.lang.reflect.Constructor.newInstance(Constructor.java:483)
	at org.openqa.selenium.remote.http.W3CHttpResponseCodec.createException(W3CHttpResponseCodec.java:187)
	at org.openqa.selenium.remote.http.W3CHttpResponseCodec.decode(W3CHttpResponseCodec.java:122)
	at org.openqa.selenium.remote.http.W3CHttpResponseCodec.decode(W3CHttpResponseCodec.java:49)
	at org.openqa.selenium.remote.HttpCommandExecutor.execute(HttpCommandExecutor.java:158)
	at org.openqa.selenium.remote.service.DriverCommandExecutor.execute(DriverCommandExecutor.java:83)
	at org.openqa.selenium.remote.RemoteWebDriver.execute(RemoteWebDriver.java:552)
	at org.openqa.selenium.remote.RemoteWebDriver.findElement(RemoteWebDriver.java:323)
	at org.openqa.selenium.remote.RemoteWebDriver.findElementByXPath(RemoteWebDriver.java:428)
	at org.openqa.selenium.By$ByXPath.findElement(By.java:353)
	at org.openqa.selenium.remote.RemoteWebDriver.findElement(RemoteWebDriver.java:315)
	at org.stepdefinition.Steps.I_Check_Global_Country_Location_In_Result(Steps.java:955)
	at ✽.Check Global Country in Location in Search Result(file:TC_11_Search_By_Location.feature:63)
]]></failure>
    </testcase>
    <testcase classname="Validate Search by Location" name="Logout the application" time="6.825329">
        <system-out><![CDATA[When Click On Setting Options...............................................passed
Then Click On Logout Options................................................passed
]]></system-out>
    </testcase>
    <testcase classname="To validate search by Keywords" name="To validate SalesIntel application Valid User Username and Valid Password" time="10.439775">
        <system-out><![CDATA[When Enter Valid Username...................................................passed
And Enter Valid Password....................................................passed
Then Click On Login Button..................................................passed
]]></system-out>
    </testcase>
    <testcase classname="To validate search by Keywords" name="To validate Search by Keywords" time="19.78185">
        <system-out><![CDATA[When Click on Keywords Filter...............................................passed
And Click on Keywords Input box.............................................passed
And Enter the Keyword.......................................................passed
And Click on Search Button..................................................passed
]]></system-out>
    </testcase>
    <testcase classname="To validate search by Keywords" name="Logout the application" time="6.70449">
        <system-out><![CDATA[When Click On Setting Options...............................................passed
Then Click On Logout Options................................................passed
]]></system-out>
    </testcase>
    <testcase classname="To validate Search by Industry" name="Open Application" time="12.491946">
        <system-out><![CDATA[When Launch the url.........................................................passed
]]></system-out>
    </testcase>
    <testcase classname="To validate Search by Industry" name="To validate SalesIntel application Valid User Username and Valid Password" time="10.642722">
        <system-out><![CDATA[When Enter Valid Username...................................................passed
And Enter Valid Password....................................................passed
Then Click On Login Button..................................................passed
]]></system-out>
    </testcase>
    <testcase classname="To validate Search by Industry" name="To Validate search by Any of Industry Names Filter where Selected All" time="27.831485">
        <system-out><![CDATA[When Click on Industry Filter...............................................passed
And Click on Select All Check Box...........................................passed
Then Click on Search Button.................................................passed
And Click on the First Contact in Search Result.............................passed
]]></system-out>
    </testcase>
    <testcase classname="To validate Search by Industry" name="To Validate search by Any Of Industry Names Filter where a single Industry is selected" time="52.905429">
        <system-out><![CDATA[When Click On Clear Button..................................................passed
And Click On Do Not Save Button.............................................passed
And Click on Industry Filter................................................passed
And Click on Industry Name Input box........................................passed
And Enter Industry Name.....................................................passed
And Click on Particular Industry............................................passed
And Click on Search Button..................................................passed
And Click on the First Contact in Search Result.............................passed
Then Check the Industry in Search Result....................................passed
]]></system-out>
    </testcase>
    <testcase classname="To validate Search by Industry" name="To Validate search by None Of Industry Names Filter Where Selected All" time="39.838057">
        <system-out><![CDATA[When Click On Clear Button..................................................passed
And Click On Do Not Save Button.............................................passed
And Click on Industry Filter................................................passed
And Click on None of Page...................................................passed
And Click on Select All Check Box...........................................passed
Then Click on Search Button.................................................passed
And Click on the First Contact in Search Result.............................passed
]]></system-out>
    </testcase>
    <testcase classname="To validate Search by Industry" name="To Validate search by None Of Industry Names Filter Where single Industry is selected" time="50.587754">
        <system-out><![CDATA[When Click On Clear Button..................................................passed
And Click On Do Not Save Button.............................................passed
And Click on Industry Filter................................................passed
And Click on None of Page...................................................passed
And Click on Industry Name Input box........................................passed
And Enter Industry Name.....................................................passed
And Click on Particular Industry............................................passed
And Click on Search Button..................................................passed
And Click on the First Contact in Search Result.............................passed
]]></system-out>
    </testcase>
    <testcase classname="To validate Search by Industry" name="To Validate search by NAICS Codes in Industry Filter" time="50.205585">
        <system-out><![CDATA[When Click On Clear Button..................................................passed
And Click On Do Not Save Button.............................................passed
And Click on Industry Filter................................................passed
And Click on NAICS or SIC Code page.........................................passed
And CLick on NAICS Code input box...........................................passed
And Enter NAICS Code........................................................passed
And Click on Search Button..................................................passed
And Click on the First Contact in Search Result.............................passed
Then Check Industry for NAICS code in Search Result.........................passed
]]></system-out>
    </testcase>
    <testcase classname="To validate Search by Industry" name="To Validate search by SIC Codes in Industry Filter" time="49.055504">
        <system-out><![CDATA[When Click On Clear Button..................................................passed
And Click On Do Not Save Button.............................................passed
And Click on Industry Filter................................................passed
And Click on NAICS or SIC Code page.........................................passed
And Click on SIC Radio button...............................................passed
And CLick on NAICS Code input box...........................................passed
And Enter SIC Code..........................................................passed
And Click on Search Button..................................................passed
And Click on the First Contact in Search Result.............................passed
Then Check Industry for SIC code in Search Result...........................passed
]]></system-out>
    </testcase>
    <testcase classname="To validate Search by Industry" name="Logout the application" time="7.423898">
        <system-out><![CDATA[When Click On Setting Options...............................................passed
Then Click On Logout Options................................................passed
]]></system-out>
    </testcase>
    <testcase classname="To validate Search by Revenue" name="To validate SalesIntel application Valid User Username and Valid Password" time="10.519871">
        <system-out><![CDATA[When Enter Valid Username...................................................passed
And Enter Valid Password....................................................passed
Then Click On Login Button..................................................passed
]]></system-out>
    </testcase>
    <testcase classname="To validate Search by Revenue" name="To Validate search by Million Revenue Filter" time="32.176303">
        <system-out><![CDATA[When Click on Revenue Filter................................................passed
And Enter Minimum Revenue...................................................passed
And Enter Maximum Revenue...................................................passed
And Click on Search Button..................................................passed
And Click on the First Contact in Search Result.............................passed
Then validate the Revenue in Search Result..................................passed
]]></system-out>
    </testcase>
    <testcase classname="To validate Search by Revenue" name="Logout the application" time="6.741403">
        <system-out><![CDATA[When Click On Setting Options...............................................passed
Then Click On Logout Options................................................passed
]]></system-out>
    </testcase>
    <testcase classname="To validate Search by Employees or Size" name="To validate SalesIntel application Valid User Username and Valid Password" time="10.455713">
        <system-out><![CDATA[When Enter Valid Username...................................................passed
And Enter Valid Password....................................................passed
Then Click On Login Button..................................................passed
]]></system-out>
    </testcase>
    <testcase classname="To validate Search by Employees or Size" name="To Validate Employees or Size Filter" time="31.42728">
        <system-out><![CDATA[When Click on Employee Size Filter..........................................passed
And Enter Minimum Employee Size.............................................passed
And Enter Maximum Employee Size.............................................passed
And Click on Search Button..................................................passed
And Click on the First Contact in Search Result.............................passed
Then validate the Employee Size in Search Result............................passed
]]></system-out>
    </testcase>
    <testcase classname="To validate Search by Employees or Size" name="Logout the application" time="6.77165">
        <system-out><![CDATA[When Click On Setting Options...............................................passed
Then Click On Logout Options................................................passed
]]></system-out>
    </testcase>
    <testcase classname="To validate Search by Technographics" name="Open Website" time="5.550978">
        <system-out><![CDATA[When Launch the url.........................................................passed
]]></system-out>
    </testcase>
    <testcase classname="To validate Search by Technographics" name="To validate SalesIntel application Valid User Username and Valid Password" time="10.435675">
        <system-out><![CDATA[When Enter Valid Username...................................................passed
And Enter Valid Password....................................................passed
Then Click On Login Button..................................................passed
]]></system-out>
    </testcase>
    <testcase classname="To validate Search by Technographics" name="To validate Search by Any Products in Technographics filter" time="75.566617">
        <system-out><![CDATA[When Validate TECHNOGRAPHICS is displayed...................................passed
And Click on Products Filter................................................passed
And Click on Technographic product text box.................................passed
And Enter the product name..................................................passed
And Click on Company Radio Button...........................................passed
And Click on Search Button..................................................passed
And Click on company name...................................................passed
And Click on All in Company detail page.....................................passed
Then Check Any technographic product in Company detail page.................passed
]]></system-out>
    </testcase>
    <testcase classname="To validate Search by Technographics" name="To validate Search by All Products in Technographics filter" time="94.209719">
        <system-out><![CDATA[When Click on SalesIntel Logo...............................................passed
And Click On Clear Button...................................................passed
And Click On Do Not Save Button.............................................passed
And Validate TECHNOGRAPHICS is displayed....................................passed
And Click on Products Filter................................................passed
And Click on All Button in Products.........................................passed
And Click on Technographic product text box.................................passed
And Enter the product name..................................................passed
And Click on Search Button..................................................passed
And Click on company name...................................................passed
And Click on All in Company detail page.....................................passed
Then Check All technographic products in Company detail page................passed
]]></system-out>
    </testcase>
    <testcase classname="To validate Search by Technographics" name="To validate Search by None Products in Technographics filter" time="94.086035">
        <system-out><![CDATA[When Click on SalesIntel Logo...............................................passed
And Click On Clear Button...................................................passed
And Click On Do Not Save Button.............................................passed
And Validate TECHNOGRAPHICS is displayed....................................passed
And Click on Products Filter................................................passed
And Click on None Button in Products........................................passed
And Click on Technographic product text box.................................passed
And Enter the product name..................................................passed
And Click on Search Button..................................................passed
And Click on company name...................................................passed
And Click on All in Company detail page.....................................passed
Then Check None of the technographic product is displayed in Company detail page.passed
]]></system-out>
    </testcase>
    <testcase classname="To validate Search by Technographics" name="To validate Search by Any Provider in Technographics filter" time="93.272235">
        <system-out><![CDATA[When Click on SalesIntel Logo...............................................passed
And Click On Clear Button...................................................passed
And Click On Do Not Save Button.............................................passed
And Validate TECHNOGRAPHICS is displayed....................................passed
And Click on Provider Filter................................................passed
And Click on Technographic Provider text box................................passed
And Enter the Provider name.................................................passed
And Click on Search Button..................................................passed
And Click on company name...................................................passed
And Click on All in Company detail page.....................................passed
Then Check Any technographic Provider in Company detail page................passed
]]></system-out>
    </testcase>
    <testcase classname="To validate Search by Technographics" name="To validate Search by All Provider in Technographics filter" time="97.871492">
        <system-out><![CDATA[When Click on SalesIntel Logo...............................................passed
And Click On Clear Button...................................................passed
And Click On Do Not Save Button.............................................passed
And Validate TECHNOGRAPHICS is displayed....................................passed
And Click on Provider Filter................................................passed
And Click on All Button in Provider.........................................passed
And Click on Technographic Provider text box................................passed
And Enter the Provider name.................................................passed
And Click on Search Button..................................................passed
And Click on company name...................................................passed
And Click on All in Company detail page.....................................passed
Then Check All technographic Providers in Company detail page...............passed
]]></system-out>
    </testcase>
    <testcase classname="To validate Search by Technographics" name="To validate Search by None Provider in Technographics filter" time="94.753986">
        <system-out><![CDATA[When Click on SalesIntel Logo...............................................passed
And Click On Clear Button...................................................passed
And Click On Do Not Save Button.............................................passed
And Validate TECHNOGRAPHICS is displayed....................................passed
And Click on Provider Filter................................................passed
And Click on None Button in Provider........................................passed
And Click on Technographic Provider text box................................passed
And Enter the Provider name.................................................passed
And Click on Search Button..................................................passed
And Click on company name...................................................passed
And Click on All in Company detail page.....................................passed
Then Check None of the technographic Provider is displayed in Company detail page.passed
]]></system-out>
    </testcase>
    <testcase classname="To validate Search by Technographics" name="To validate Select All Checkbox where Search by Any Provide in Technographics filter" time="60.783704">
        <system-out><![CDATA[When Click on SalesIntel Logo...............................................passed
And Click On Clear Button...................................................passed
And Click On Do Not Save Button.............................................passed
And Validate TECHNOGRAPHICS is displayed....................................passed
And Click on Categories Filter..............................................passed
And Select All Check box for Categories.....................................passed
And Click on Search Button..................................................passed
And Click on company name...................................................passed
And Click on All in Company detail page.....................................passed
Then Check Any technographic Category in Company detail page to Validate Select ALL.passed
]]></system-out>
    </testcase>
    <testcase classname="To validate Search by Technographics" name="To validate Search by Any Provide in Technographics filter" time="103.39138">
        <system-out><![CDATA[When Click on SalesIntel Logo...............................................passed
And Click On Clear Button...................................................passed
And Click On Do Not Save Button.............................................passed
And Validate TECHNOGRAPHICS is displayed....................................passed
And Click on Categories Filter..............................................passed
And Enter the Category name.................................................passed
And Click on Search Button..................................................passed
And Click on company name...................................................passed
And Click on All in Company detail page.....................................passed
Then Check Any technographic Category in Company detail page................passed
]]></system-out>
    </testcase>
    <testcase classname="To validate Search by Technographics" name="To validate Search by All Provide in Technographics filter" time="103.667603">
        <system-out><![CDATA[When Click on SalesIntel Logo...............................................passed
And Click On Clear Button...................................................passed
And Click On Do Not Save Button.............................................passed
And Validate TECHNOGRAPHICS is displayed....................................passed
And Click on Categories Filter..............................................passed
And Click on All Button in Category.........................................passed
And Enter the Category name.................................................passed
And Click on Search Button..................................................passed
And Click on company name...................................................passed
And Click on All in Company detail page.....................................passed
Then Check All technographic Category in Company detail page................passed
]]></system-out>
    </testcase>
    <testcase classname="To validate Search by Technographics" name="To validate Search by None Provide in Technographics filter" time="101.502452">
        <system-out><![CDATA[When Click on SalesIntel Logo...............................................passed
And Click On Clear Button...................................................passed
And Click On Do Not Save Button.............................................passed
And Validate TECHNOGRAPHICS is displayed....................................passed
And Click on Categories Filter..............................................passed
And Click on None Button in Category........................................passed
And Enter the Category name.................................................passed
And Click on Search Button..................................................passed
And Click on company name...................................................passed
And Click on All in Company detail page.....................................passed
Then Check None of the technographic Category is displayed in Company detail page.passed
]]></system-out>
    </testcase>
    <testcase classname="To validate Search by Technographics" name="Logout the application" time="6.528497">
        <system-out><![CDATA[When Click On Setting Options...............................................passed
Then Click On Logout Options................................................passed
]]></system-out>
    </testcase>
    <testcase classname="To validate Search by INTENT" name="To validate SalesIntel application Valid User Username and Valid Password" time="10.489035">
        <system-out><![CDATA[When Enter Valid Username...................................................passed
And Enter Valid Password....................................................passed
Then Click On Login Button..................................................passed
]]></system-out>
    </testcase>
    <testcase classname="To validate Search by INTENT" name="To validate Search by Topics" time="19.215684">
        <system-out><![CDATA[When Check INTENT is displayed..............................................passed
And Click on Topics.........................................................passed
And Select Netflix Topic....................................................passed
And Click on Search Button..................................................passed
Then Check Searched Topic in Search Result..................................passed
]]></system-out>
    </testcase>
    <testcase classname="To validate Search by INTENT" name="To validate Search by Score Threshold" time="38.991723">
        <system-out><![CDATA[When Click On Clear Button..................................................passed
And Click On Do Not Save Button.............................................passed
And Click on Topics.........................................................passed
And Select Netflix Topic....................................................passed
And Check INTENT is displayed...............................................passed
And Click on Score Threshold Filter.........................................passed
And Select Minimum Score as 86..............................................passed
And Click on Search Button..................................................passed
And Check Searched Topic in Search Result...................................passed
Then Check Score in Result..................................................passed
]]></system-out>
    </testcase>
    <testcase classname="To validate Search by INTENT" name="To validate Search by Topic Threshold" time="39.549087">
        <system-out><![CDATA[When Click On Clear Button..................................................passed
And Click On Do Not Save Button.............................................passed
And Click on Topics.........................................................passed
And Select Netflix Topic....................................................passed
And Select Hulu Topic.......................................................passed
And Click On Topic Threshold................................................passed
And Select Minimum Topic Threshold..........................................passed
And Click on Search Button..................................................passed
And Check Search result for Topic Threshold.................................passed
]]></system-out>
    </testcase>
    <testcase classname="To validate Search by INTENT" name="Logout the application" time="6.783685">
        <system-out><![CDATA[When Click On Setting Options...............................................passed
Then Click On Logout Options................................................passed
]]></system-out>
    </testcase>
</testsuite>
